{"uid":"3c5cf4292c757a0","name":"test_NAF_2_2_0_login_with_wrong_email","fullName":"tests.test_2_Authentication.TestLogin#test_NAF_2_2_0_login_with_wrong_email","historyId":"3eb316d7061e1078f3e42cdb906258b6","time":{"start":1752497524277,"stop":1752497542844,"duration":18567},"description":"\n    Test Case: NAF-15\n    As a user, I want to log in with my email and password\n    Scenario: Login Unsuccessful due to Non-existent Email\n    \n    Steps:\n    1. Open the app\n    2. Click on \"Log in\" button\n    3. Click on \"Sign in with your email\" button\n    4. Enter non-existent email: test@example.com\n    5. Enter password: testpassword\n    6. Click \"Log in\" button\n    7. Verify error message appears\n    \n    Expected Result: Error message \"There is no account associated with this email. Please sign up.\" should be displayed\n    ","descriptionHtml":"<pre><code>Test Case: NAF-15\nAs a user, I want to log in with my email and password\nScenario: Login Unsuccessful due to Non-existent Email\n\nSteps:\n1. Open the app\n2. Click on &quot;Log in&quot; button\n3. Click on &quot;Sign in with your email&quot; button\n4. Enter non-existent email: test@example.com\n5. Enter password: testpassword\n6. Click &quot;Log in&quot; button\n7. Verify error message appears\n\nExpected Result: Error message &quot;There is no account associated with this email. Please sign up.&quot; should be displayed\n</code></pre>\n","status":"passed","flaky":false,"newFailed":false,"newBroken":false,"newPassed":false,"retriesCount":2,"retriesStatusChange":true,"beforeStages":[{"name":"pytestconfig","time":{"start":1752497470082,"stop":1752497470082,"duration":0},"status":"passed","steps":[],"attachments":[],"parameters":[],"stepsCount":0,"shouldDisplayMessage":false,"attachmentsCount":0,"hasContent":false,"attachmentStep":false},{"name":"base_url","time":{"start":1752497470082,"stop":1752497470082,"duration":0},"status":"passed","steps":[],"attachments":[],"parameters":[],"stepsCount":0,"shouldDisplayMessage":false,"attachmentsCount":0,"hasContent":false,"attachmentStep":false},{"name":"setup_test_session","time":{"start":1752497470082,"stop":1752497470092,"duration":10},"status":"passed","steps":[],"attachments":[],"parameters":[],"stepsCount":0,"shouldDisplayMessage":false,"attachmentsCount":0,"hasContent":false,"attachmentStep":false},{"name":"delete_output_dir","time":{"start":1752497470082,"stop":1752497470082,"duration":0},"status":"passed","steps":[],"attachments":[],"parameters":[],"stepsCount":0,"shouldDisplayMessage":false,"attachmentsCount":0,"hasContent":false,"attachmentStep":false},{"name":"_verify_url","time":{"start":1752497470082,"stop":1752497470082,"duration":0},"status":"passed","steps":[],"attachments":[],"parameters":[],"stepsCount":0,"shouldDisplayMessage":false,"attachmentsCount":0,"hasContent":false,"attachmentStep":false},{"name":"setup_and_teardown_test","time":{"start":1752497520865,"stop":1752497520866,"duration":1},"status":"passed","steps":[],"attachments":[],"parameters":[],"stepsCount":0,"shouldDisplayMessage":false,"attachmentsCount":0,"hasContent":false,"attachmentStep":false},{"name":"setup_and_teardown","time":{"start":1752497520866,"stop":1752497524276,"duration":3410},"status":"passed","steps":[],"attachments":[],"parameters":[],"stepsCount":0,"shouldDisplayMessage":false,"attachmentsCount":0,"hasContent":false,"attachmentStep":false}],"testStage":{"description":"\n    Test Case: NAF-15\n    As a user, I want to log in with my email and password\n    Scenario: Login Unsuccessful due to Non-existent Email\n    \n    Steps:\n    1. Open the app\n    2. Click on \"Log in\" button\n    3. Click on \"Sign in with your email\" button\n    4. Enter non-existent email: test@example.com\n    5. Enter password: testpassword\n    6. Click \"Log in\" button\n    7. Verify error message appears\n    \n    Expected Result: Error message \"There is no account associated with this email. Please sign up.\" should be displayed\n    ","status":"passed","steps":[],"attachments":[{"uid":"d76c775492f35f43","name":"stdout","source":"d76c775492f35f43.txt","type":"text/plain","size":8014},{"uid":"573a73a1524f9734","name":"stderr","source":"573a73a1524f9734.txt","type":"text/plain","size":255}],"parameters":[],"stepsCount":0,"shouldDisplayMessage":false,"attachmentsCount":2,"hasContent":true,"attachmentStep":false},"afterStages":[{"name":"setup_and_teardown::0","time":{"start":1752497542845,"stop":1752497543258,"duration":413},"status":"passed","steps":[],"attachments":[],"parameters":[],"stepsCount":0,"shouldDisplayMessage":false,"attachmentsCount":0,"hasContent":false,"attachmentStep":false},{"name":"setup_and_teardown_test::0","time":{"start":1752497543261,"stop":1752497543261,"duration":0},"status":"passed","steps":[],"attachments":[],"parameters":[],"stepsCount":0,"shouldDisplayMessage":false,"attachmentsCount":0,"hasContent":false,"attachmentStep":false},{"name":"setup_test_session::0","time":{"start":1752497672887,"stop":1752497672887,"duration":0},"status":"passed","steps":[],"attachments":[],"parameters":[],"stepsCount":0,"shouldDisplayMessage":false,"attachmentsCount":0,"hasContent":false,"attachmentStep":false}],"labels":[{"name":"epic","value":"Mobile App Testing"},{"name":"severity","value":"critical"},{"name":"feature","value":"2.0.0 Authentication"},{"name":"story","value":"2.2.0 As a user, I want to log in with my email and password"},{"name":"tag","value":"login"},{"name":"parentSuite","value":"tests"},{"name":"suite","value":"test_2_Authentication"},{"name":"subSuite","value":"TestLogin"},{"name":"host","value":"fqqqqq.local"},{"name":"thread","value":"40075-MainThread"},{"name":"framework","value":"pytest"},{"name":"language","value":"cpython3"},{"name":"package","value":"tests.test_2_Authentication"},{"name":"resultFormat","value":"allure2"}],"parameters":[],"links":[],"hidden":false,"retry":false,"extra":{"severity":"critical","retries":[{"uid":"2d6eeec6c35663a0","status":"broken","statusDetails":"selenium.common.exceptions.NoSuchElementException: Message: An element could not be located on the page using the given search parameters.; For documentation on this error, please visit: https://www.selenium.dev/documentation/webdriver/troubleshooting/errors#no-such-element-exception\nStacktrace:\nNoSuchElementError: An element could not be located on the page using the given search parameters.\n    at AndroidUiautomator2Driver.findElOrEls (/Users/qingqinfang/.appium/node_modules/appium-uiautomator2-driver/node_modules/appium-android-driver/lib/commands/find.ts:86:11)\n    at processTicksAndRejections (node:internal/process/task_queues:105:5)\n    at AndroidUiautomator2Driver.findElOrElsWithProcessing (/opt/homebrew/lib/node_modules/appium/node_modules/@appium/base-driver/lib/basedriver/commands/find.ts:60:12)\n    at AndroidUiautomator2Driver.findElement (/opt/homebrew/lib/node_modules/appium/node_modules/@appium/base-driver/lib/basedriver/commands/find.ts:75:12)","time":{"start":1752497500246,"stop":1752497519346,"duration":19100}},{"uid":"ae8986f8ec624f8c","status":"broken","statusDetails":"selenium.common.exceptions.NoSuchElementException: Message: An element could not be located on the page using the given search parameters.; For documentation on this error, please visit: https://www.selenium.dev/documentation/webdriver/troubleshooting/errors#no-such-element-exception\nStacktrace:\nNoSuchElementError: An element could not be located on the page using the given search parameters.\n    at AndroidUiautomator2Driver.findElOrEls (/Users/qingqinfang/.appium/node_modules/appium-uiautomator2-driver/node_modules/appium-android-driver/lib/commands/find.ts:86:11)\n    at processTicksAndRejections (node:internal/process/task_queues:105:5)\n    at AndroidUiautomator2Driver.findElOrElsWithProcessing (/opt/homebrew/lib/node_modules/appium/node_modules/@appium/base-driver/lib/basedriver/commands/find.ts:60:12)\n    at AndroidUiautomator2Driver.findElement (/opt/homebrew/lib/node_modules/appium/node_modules/@appium/base-driver/lib/basedriver/commands/find.ts:75:12)","time":{"start":1752497476281,"stop":1752497495443,"duration":19162}}],"categories":[],"tags":["login"]},"source":"3c5cf4292c757a0.json","parameterValues":[]}