{"uid":"827749fee55b2bad","name":"test_NAF_3_4_0_modify_name","fullName":"tests.test_3_Account_Setup.TestPersonInformationManagement#test_NAF_3_4_0_modify_name","historyId":"427e42089ea500ad7d53bc6cb2dbbd0c","time":{"start":1752499989932,"stop":1752500031992,"duration":42060},"description":"\n    Test Case: NAF-55\n    As a registered user I can view and update my profile settings\n    Scenario: Modify Name\n    \n    Steps:\n    1. Open the app, assume the user is logged in\n    2. Go to \"My Profile\" button\n    3. Click on \"Edit\" button\n    4. Enter name\n    5. Click on \"Save\" button\n    ","descriptionHtml":"<pre><code>Test Case: NAF-55\nAs a registered user I can view and update my profile settings\nScenario: Modify Name\n\nSteps:\n1. Open the app, assume the user is logged in\n2. Go to &quot;My Profile&quot; button\n3. Click on &quot;Edit&quot; button\n4. Enter name\n5. Click on &quot;Save&quot; button\n</code></pre>\n","status":"broken","statusMessage":"selenium.common.exceptions.TimeoutException: Message: \nStacktrace:\nNoSuchElementError: An element could not be located on the page using the given search parameters.\n    at AndroidUiautomator2Driver.findElOrEls (/Users/qingqinfang/.appium/node_modules/appium-uiautomator2-driver/node_modules/appium-android-driver/lib/commands/find.ts:86:11)\n    at processTicksAndRejections (node:internal/process/task_queues:105:5)\n    at AndroidUiautomator2Driver.findElOrElsWithProcessing (/opt/homebrew/lib/node_modules/appium/node_modules/@appium/base-driver/lib/basedriver/commands/find.ts:60:12)\n    at AndroidUiautomator2Driver.findElement (/opt/homebrew/lib/node_modules/appium/node_modules/@appium/base-driver/lib/basedriver/commands/find.ts:75:12)","statusTrace":"tests/test_3_Account_Setup.py:216: in test_NAF_3_4_0_modify_name\n    perinfo_page.click_personal_info()\npages/personal_infomation_page.py:263: in click_personal_info\n    self.click_element(\ncore/base_page.py:69: in click_element\n    element = wait.until(EC.element_to_be_clickable((By.XPATH, locator_value)))\nvenv/lib/python3.13/site-packages/selenium/webdriver/support/wait.py:101: in until\n    raise TimeoutException(message, screen, stacktrace)\nE   selenium.common.exceptions.TimeoutException: Message: \nE   Stacktrace:\nE   NoSuchElementError: An element could not be located on the page using the given search parameters.\nE       at AndroidUiautomator2Driver.findElOrEls (/Users/qingqinfang/.appium/node_modules/appium-uiautomator2-driver/node_modules/appium-android-driver/lib/commands/find.ts:86:11)\nE       at processTicksAndRejections (node:internal/process/task_queues:105:5)\nE       at AndroidUiautomator2Driver.findElOrElsWithProcessing (/opt/homebrew/lib/node_modules/appium/node_modules/@appium/base-driver/lib/basedriver/commands/find.ts:60:12)\nE       at AndroidUiautomator2Driver.findElement (/opt/homebrew/lib/node_modules/appium/node_modules/@appium/base-driver/lib/basedriver/commands/find.ts:75:12)","flaky":false,"newFailed":false,"newBroken":false,"newPassed":false,"retriesCount":2,"retriesStatusChange":false,"beforeStages":[{"name":"_verify_url","time":{"start":1752499805200,"stop":1752499805200,"duration":0},"status":"passed","steps":[],"attachments":[],"parameters":[],"shouldDisplayMessage":false,"stepsCount":0,"attachmentsCount":0,"hasContent":false,"attachmentStep":false},{"name":"setup_test_session","time":{"start":1752499805200,"stop":1752499805212,"duration":12},"status":"passed","steps":[],"attachments":[],"parameters":[],"shouldDisplayMessage":false,"stepsCount":0,"attachmentsCount":0,"hasContent":false,"attachmentStep":false},{"name":"base_url","time":{"start":1752499805200,"stop":1752499805200,"duration":0},"status":"passed","steps":[],"attachments":[],"parameters":[],"shouldDisplayMessage":false,"stepsCount":0,"attachmentsCount":0,"hasContent":false,"attachmentStep":false},{"name":"delete_output_dir","time":{"start":1752499805200,"stop":1752499805200,"duration":0},"status":"passed","steps":[],"attachments":[],"parameters":[],"shouldDisplayMessage":false,"stepsCount":0,"attachmentsCount":0,"hasContent":false,"attachmentStep":false},{"name":"pytestconfig","time":{"start":1752499805200,"stop":1752499805200,"duration":0},"status":"passed","steps":[],"attachments":[],"parameters":[],"shouldDisplayMessage":false,"stepsCount":0,"attachmentsCount":0,"hasContent":false,"attachmentStep":false},{"name":"setup_and_teardown_test","time":{"start":1752499986520,"stop":1752499986520,"duration":0},"status":"passed","steps":[],"attachments":[],"parameters":[],"shouldDisplayMessage":false,"stepsCount":0,"attachmentsCount":0,"hasContent":false,"attachmentStep":false},{"name":"setup_and_teardown","time":{"start":1752499986521,"stop":1752499989932,"duration":3411},"status":"passed","steps":[],"attachments":[],"parameters":[],"shouldDisplayMessage":false,"stepsCount":0,"attachmentsCount":0,"hasContent":false,"attachmentStep":false}],"testStage":{"description":"\n    Test Case: NAF-55\n    As a registered user I can view and update my profile settings\n    Scenario: Modify Name\n    \n    Steps:\n    1. Open the app, assume the user is logged in\n    2. Go to \"My Profile\" button\n    3. Click on \"Edit\" button\n    4. Enter name\n    5. Click on \"Save\" button\n    ","status":"broken","statusMessage":"selenium.common.exceptions.TimeoutException: Message: \nStacktrace:\nNoSuchElementError: An element could not be located on the page using the given search parameters.\n    at AndroidUiautomator2Driver.findElOrEls (/Users/qingqinfang/.appium/node_modules/appium-uiautomator2-driver/node_modules/appium-android-driver/lib/commands/find.ts:86:11)\n    at processTicksAndRejections (node:internal/process/task_queues:105:5)\n    at AndroidUiautomator2Driver.findElOrElsWithProcessing (/opt/homebrew/lib/node_modules/appium/node_modules/@appium/base-driver/lib/basedriver/commands/find.ts:60:12)\n    at AndroidUiautomator2Driver.findElement (/opt/homebrew/lib/node_modules/appium/node_modules/@appium/base-driver/lib/basedriver/commands/find.ts:75:12)","statusTrace":"tests/test_3_Account_Setup.py:216: in test_NAF_3_4_0_modify_name\n    perinfo_page.click_personal_info()\npages/personal_infomation_page.py:263: in click_personal_info\n    self.click_element(\ncore/base_page.py:69: in click_element\n    element = wait.until(EC.element_to_be_clickable((By.XPATH, locator_value)))\nvenv/lib/python3.13/site-packages/selenium/webdriver/support/wait.py:101: in until\n    raise TimeoutException(message, screen, stacktrace)\nE   selenium.common.exceptions.TimeoutException: Message: \nE   Stacktrace:\nE   NoSuchElementError: An element could not be located on the page using the given search parameters.\nE       at AndroidUiautomator2Driver.findElOrEls (/Users/qingqinfang/.appium/node_modules/appium-uiautomator2-driver/node_modules/appium-android-driver/lib/commands/find.ts:86:11)\nE       at processTicksAndRejections (node:internal/process/task_queues:105:5)\nE       at AndroidUiautomator2Driver.findElOrElsWithProcessing (/opt/homebrew/lib/node_modules/appium/node_modules/@appium/base-driver/lib/basedriver/commands/find.ts:60:12)\nE       at AndroidUiautomator2Driver.findElement (/opt/homebrew/lib/node_modules/appium/node_modules/@appium/base-driver/lib/basedriver/commands/find.ts:75:12)","steps":[],"attachments":[{"uid":"b35acaa4d05c9c14","name":"stdout","source":"b35acaa4d05c9c14.txt","type":"text/plain","size":11616}],"parameters":[],"shouldDisplayMessage":true,"stepsCount":0,"attachmentsCount":1,"hasContent":true,"attachmentStep":false},"afterStages":[{"name":"setup_and_teardown::0","time":{"start":1752500032014,"stop":1752500032441,"duration":427},"status":"passed","steps":[],"attachments":[],"parameters":[],"shouldDisplayMessage":false,"stepsCount":0,"attachmentsCount":0,"hasContent":false,"attachmentStep":false},{"name":"setup_and_teardown_test::0","time":{"start":1752500032443,"stop":1752500032443,"duration":0},"status":"passed","steps":[],"attachments":[],"parameters":[],"shouldDisplayMessage":false,"stepsCount":0,"attachmentsCount":0,"hasContent":false,"attachmentStep":false},{"name":"setup_test_session::0","time":{"start":1752500247128,"stop":1752500247128,"duration":0},"status":"passed","steps":[],"attachments":[],"parameters":[],"shouldDisplayMessage":false,"stepsCount":0,"attachmentsCount":0,"hasContent":false,"attachmentStep":false}],"labels":[{"name":"story","value":"3.4.0 As a registered user I can view and update my profile settings"},{"name":"feature","value":"3.0.0 Account Setup"},{"name":"severity","value":"blocker"},{"name":"epic","value":"Mobile App Testing"},{"name":"tag","value":"login"},{"name":"tag","value":"personal"},{"name":"parentSuite","value":"tests"},{"name":"suite","value":"test_3_Account_Setup"},{"name":"subSuite","value":"TestPersonInformationManagement"},{"name":"host","value":"fqqqqq.local"},{"name":"thread","value":"44673-MainThread"},{"name":"framework","value":"pytest"},{"name":"language","value":"cpython3"},{"name":"package","value":"tests.test_3_Account_Setup"},{"name":"resultFormat","value":"allure2"}],"parameters":[],"links":[],"hidden":false,"retry":false,"extra":{"severity":"blocker","retries":[{"uid":"b92dcd9cbd01057e","status":"broken","statusDetails":"selenium.common.exceptions.TimeoutException: Message: \nStacktrace:\nNoSuchElementError: An element could not be located on the page using the given search parameters.\n    at AndroidUiautomator2Driver.findElOrEls (/Users/qingqinfang/.appium/node_modules/appium-uiautomator2-driver/node_modules/appium-android-driver/lib/commands/find.ts:86:11)\n    at processTicksAndRejections (node:internal/process/task_queues:105:5)\n    at AndroidUiautomator2Driver.findElOrElsWithProcessing (/opt/homebrew/lib/node_modules/appium/node_modules/@appium/base-driver/lib/basedriver/commands/find.ts:60:12)\n    at AndroidUiautomator2Driver.findElement (/opt/homebrew/lib/node_modules/appium/node_modules/@appium/base-driver/lib/basedriver/commands/find.ts:75:12)","time":{"start":1752499943531,"stop":1752499984970,"duration":41439}},{"uid":"e25b507f91252893","status":"broken","statusDetails":"selenium.common.exceptions.TimeoutException: Message: \nStacktrace:\nNoSuchElementError: An element could not be located on the page using the given search parameters.\n    at AndroidUiautomator2Driver.findElOrEls (/Users/qingqinfang/.appium/node_modules/appium-uiautomator2-driver/node_modules/appium-android-driver/lib/commands/find.ts:86:11)\n    at processTicksAndRejections (node:internal/process/task_queues:105:5)\n    at AndroidUiautomator2Driver.findElOrElsWithProcessing (/opt/homebrew/lib/node_modules/appium/node_modules/@appium/base-driver/lib/basedriver/commands/find.ts:60:12)\n    at AndroidUiautomator2Driver.findElement (/opt/homebrew/lib/node_modules/appium/node_modules/@appium/base-driver/lib/basedriver/commands/find.ts:75:12)","time":{"start":1752499897120,"stop":1752499938673,"duration":41553}}],"categories":[{"name":"Test defects","matchedStatuses":[]}],"tags":["personal","login"]},"source":"827749fee55b2bad.json","parameterValues":[]}