{"uid":"ec4d95d65220a6cd","name":"test_NAF_2_1_0_unsuccessful_registration_due_to_invalid_email","fullName":"tests.ios.test_2_Authentication.TestAuthentication#test_NAF_2_1_0_unsuccessful_registration_due_to_invalid_email","historyId":"e931f4cc4eacc64784432d5dae16ad52","time":{"start":1756914734746,"stop":1756914750314,"duration":15568},"description":"\n    Test Case: NAF-2\n    As a user I want to be able to sign to the app with email and password\n    Scenario: Unsuccessful Registration due to Invalid Email\n    \n    Steps:\n    1. Open the app\n    2. Click on \"Sign up\" button\n    3. Click on \"Sign up with your email\" button\n    3. Enter invalid email: test@example.com\n    4. Enter password: testpassword\n    5. Click \"Sign up\" button\n    ","descriptionHtml":"<pre><code>Test Case: NAF-2\nAs a user I want to be able to sign to the app with email and password\nScenario: Unsuccessful Registration due to Invalid Email\n\nSteps:\n1. Open the app\n2. Click on &quot;Sign up&quot; button\n3. Click on &quot;Sign up with your email&quot; button\n3. Enter invalid email: test@example.com\n4. Enter password: testpassword\n5. Click &quot;Sign up&quot; button\n</code></pre>\n","status":"broken","statusMessage":"selenium.common.exceptions.TimeoutException: Message: \nStacktrace:\nNoSuchElementError: An element could not be located on the page using the given search parameters.\n    at XCUITestDriver.doNativeFind (/Users/qingqinfang/.appium/node_modules/appium-xcuitest-driver/lib/commands/find.js:143:13)\n    at processTicksAndRejections (node:internal/process/task_queues:105:5)\n    at XCUITestDriver.findNativeElementOrElements (/Users/qingqinfang/.appium/node_modules/appium-xcuitest-driver/lib/commands/find.js:97:12)\n    at XCUITestDriver.findElOrEls (/Users/qingqinfang/.appium/node_modules/appium-xcuitest-driver/lib/commands/find.js:24:14)\n    at XCUITestDriver.findElOrElsWithProcessing (/opt/homebrew/lib/node_modules/appium/node_modules/@appium/base-driver/lib/basedriver/commands/find.ts:60:12)\n    at XCUITestDriver.findElement (/opt/homebrew/lib/node_modules/appium/node_modules/@appium/base-driver/lib/basedriver/commands/find.ts:75:12)","statusTrace":"tests/ios/test_2_Authentication.py:88: in test_NAF_2_1_0_unsuccessful_registration_due_to_invalid_email\n    login_page.wait_for_welcome_screen()\npages/ios/login_page.py:55: in wait_for_welcome_screen\n    self.wait_for_element_visible(*self.WELCOME_TEXT_1, timeout=10)\ncore/base_page.py:141: in wait_for_element_visible\n    element = wait.until(EC.visibility_of_element_located((By.XPATH, locator_value)))\n../../../../anaconda3/lib/python3.11/site-packages/selenium/webdriver/support/wait.py:138: in until\n    raise TimeoutException(message, screen, stacktrace)\nE   selenium.common.exceptions.TimeoutException: Message: \nE   Stacktrace:\nE   NoSuchElementError: An element could not be located on the page using the given search parameters.\nE       at XCUITestDriver.doNativeFind (/Users/qingqinfang/.appium/node_modules/appium-xcuitest-driver/lib/commands/find.js:143:13)\nE       at processTicksAndRejections (node:internal/process/task_queues:105:5)\nE       at XCUITestDriver.findNativeElementOrElements (/Users/qingqinfang/.appium/node_modules/appium-xcuitest-driver/lib/commands/find.js:97:12)\nE       at XCUITestDriver.findElOrEls (/Users/qingqinfang/.appium/node_modules/appium-xcuitest-driver/lib/commands/find.js:24:14)\nE       at XCUITestDriver.findElOrElsWithProcessing (/opt/homebrew/lib/node_modules/appium/node_modules/@appium/base-driver/lib/basedriver/commands/find.ts:60:12)\nE       at XCUITestDriver.findElement (/opt/homebrew/lib/node_modules/appium/node_modules/@appium/base-driver/lib/basedriver/commands/find.ts:75:12)","flaky":false,"newFailed":false,"newBroken":false,"newPassed":false,"retriesCount":0,"retriesStatusChange":false,"beforeStages":[{"name":"setup_test_session","time":{"start":1756914726790,"stop":1756914726801,"duration":11},"status":"passed","steps":[],"attachments":[],"parameters":[],"shouldDisplayMessage":false,"stepsCount":0,"attachmentsCount":0,"hasContent":false,"attachmentStep":false},{"name":"base_url","time":{"start":1756914726790,"stop":1756914726790,"duration":0},"status":"passed","steps":[],"attachments":[],"parameters":[],"shouldDisplayMessage":false,"stepsCount":0,"attachmentsCount":0,"hasContent":false,"attachmentStep":false},{"name":"pytestconfig","time":{"start":1756914726790,"stop":1756914726790,"duration":0},"status":"passed","steps":[],"attachments":[],"parameters":[],"shouldDisplayMessage":false,"stepsCount":0,"attachmentsCount":0,"hasContent":false,"attachmentStep":false},{"name":"delete_output_dir","time":{"start":1756914726790,"stop":1756914726790,"duration":0},"status":"passed","steps":[],"attachments":[],"parameters":[],"shouldDisplayMessage":false,"stepsCount":0,"attachmentsCount":0,"hasContent":false,"attachmentStep":false},{"name":"_verify_url","time":{"start":1756914726790,"stop":1756914726790,"duration":0},"status":"passed","steps":[],"attachments":[],"parameters":[],"shouldDisplayMessage":false,"stepsCount":0,"attachmentsCount":0,"hasContent":false,"attachmentStep":false},{"name":"setup_and_teardown","time":{"start":1756914726801,"stop":1756914734742,"duration":7941},"status":"passed","steps":[],"attachments":[],"parameters":[],"shouldDisplayMessage":false,"stepsCount":0,"attachmentsCount":0,"hasContent":false,"attachmentStep":false},{"name":"setup_and_teardown_test","time":{"start":1756914726801,"stop":1756914726801,"duration":0},"status":"passed","steps":[],"attachments":[],"parameters":[],"shouldDisplayMessage":false,"stepsCount":0,"attachmentsCount":0,"hasContent":false,"attachmentStep":false}],"afterStages":[{"name":"setup_and_teardown::0","time":{"start":1756914750375,"stop":1756914752881,"duration":2506},"status":"passed","steps":[],"attachments":[],"parameters":[],"shouldDisplayMessage":false,"stepsCount":0,"attachmentsCount":0,"hasContent":false,"attachmentStep":false},{"name":"setup_and_teardown_test::0","time":{"start":1756914752883,"stop":1756914752883,"duration":0},"status":"passed","steps":[],"attachments":[],"parameters":[],"shouldDisplayMessage":false,"stepsCount":0,"attachmentsCount":0,"hasContent":false,"attachmentStep":false},{"name":"setup_test_session::0","time":{"start":1756914992535,"stop":1756914992536,"duration":1},"status":"passed","steps":[],"attachments":[],"parameters":[],"shouldDisplayMessage":false,"stepsCount":0,"attachmentsCount":0,"hasContent":false,"attachmentStep":false}],"labels":[{"name":"feature","value":"2.0.0 Authentication"},{"name":"severity","value":"critical"},{"name":"story","value":"2.1.0 As a user I want to be able to sign to the app with email and password"},{"name":"epic","value":"Mobile App Testing-iOS"},{"name":"tag","value":"authentication"},{"name":"parentSuite","value":"tests.ios"},{"name":"suite","value":"test_2_Authentication"},{"name":"subSuite","value":"TestAuthentication"},{"name":"host","value":"fqqqqq.local"},{"name":"thread","value":"63316-MainThread"},{"name":"framework","value":"pytest"},{"name":"language","value":"cpython3"},{"name":"package","value":"tests.ios.test_2_Authentication"},{"name":"resultFormat","value":"allure2"}],"parameters":[],"links":[{"name":"Qase: NAF-2","url":"https://app.qase.io/case/NAF-2","type":"link"}],"hidden":true,"retry":true,"extra":{"categories":[],"tags":["authentication"]},"source":"ec4d95d65220a6cd.json","parameterValues":[]}