{"uid":"7438a7d48cd6cdc5","name":"test_NAF_4_2_0_valid_program_selection_and_start","fullName":"tests.android.test_4_Program_Management.TestProgramManagement#test_NAF_4_2_0_valid_program_selection_and_start","historyId":"fdd4823c8b014b0e66d9a38e3e25b31c","time":{"start":1753414017654,"stop":1753414033542,"duration":15888},"description":"\n    Test Case: NAF-91\n    As a user during onboarding, I should be able to start one of the recommended programs right from the onboarding\n    Scenario: Valid program selection and start\n    Steps:\n    1. Open the app, assume the user is logged in\n    2. Click on first recommended program\n    3. Verify 'Start Program' button is displayed\n    4. Click on 'Start Program' button\n    5. Finish first day of the program\n    ","descriptionHtml":"<pre><code>Test Case: NAF-91\nAs a user during onboarding, I should be able to start one of the recommended programs right from the onboarding\nScenario: Valid program selection and start\nSteps:\n1. Open the app, assume the user is logged in\n2. Click on first recommended program\n3. Verify 'Start Program' button is displayed\n4. Click on 'Start Program' button\n5. Finish first day of the program\n</code></pre>\n","status":"broken","statusMessage":"selenium.common.exceptions.TimeoutException: Message: \nStacktrace:\nNoSuchElementError: An element could not be located on the page using the given search parameters.\n    at AndroidUiautomator2Driver.findElOrEls (/Users/qingqinfang/.appium/node_modules/appium-uiautomator2-driver/node_modules/appium-android-driver/lib/commands/find.ts:86:11)\n    at processTicksAndRejections (node:internal/process/task_queues:105:5)\n    at AndroidUiautomator2Driver.findElOrElsWithProcessing (/opt/homebrew/lib/node_modules/appium/node_modules/@appium/base-driver/lib/basedriver/commands/find.ts:60:12)\n    at AndroidUiautomator2Driver.findElement (/opt/homebrew/lib/node_modules/appium/node_modules/@appium/base-driver/lib/basedriver/commands/find.ts:75:12)","statusTrace":"tests/android/test_4_Program_Management.py:57: in test_NAF_4_2_0_valid_program_selection_and_start\n    program_list_page.wait_for_programs_page()\npages/android/program_list_page.py:29: in wait_for_programs_page\n    self.wait_for_element_visible(*self.PEOPLE_JOINED_TEXT, timeout=10)\ncore/base_page.py:131: in wait_for_element_visible\n    element = wait.until(EC.visibility_of_element_located((By.XPATH, locator_value)))\nvenv/lib/python3.13/site-packages/selenium/webdriver/support/wait.py:101: in until\n    raise TimeoutException(message, screen, stacktrace)\nE   selenium.common.exceptions.TimeoutException: Message: \nE   Stacktrace:\nE   NoSuchElementError: An element could not be located on the page using the given search parameters.\nE       at AndroidUiautomator2Driver.findElOrEls (/Users/qingqinfang/.appium/node_modules/appium-uiautomator2-driver/node_modules/appium-android-driver/lib/commands/find.ts:86:11)\nE       at processTicksAndRejections (node:internal/process/task_queues:105:5)\nE       at AndroidUiautomator2Driver.findElOrElsWithProcessing (/opt/homebrew/lib/node_modules/appium/node_modules/@appium/base-driver/lib/basedriver/commands/find.ts:60:12)\nE       at AndroidUiautomator2Driver.findElement (/opt/homebrew/lib/node_modules/appium/node_modules/@appium/base-driver/lib/basedriver/commands/find.ts:75:12)","flaky":false,"newFailed":false,"newBroken":false,"newPassed":false,"retriesCount":2,"retriesStatusChange":false,"beforeStages":[{"name":"_verify_url","time":{"start":1753413963181,"stop":1753413963181,"duration":0},"status":"passed","steps":[],"attachments":[],"parameters":[],"stepsCount":0,"shouldDisplayMessage":false,"attachmentsCount":0,"hasContent":false,"attachmentStep":false},{"name":"pytestconfig","time":{"start":1753413963181,"stop":1753413963181,"duration":0},"status":"passed","steps":[],"attachments":[],"parameters":[],"stepsCount":0,"shouldDisplayMessage":false,"attachmentsCount":0,"hasContent":false,"attachmentStep":false},{"name":"delete_output_dir","time":{"start":1753413963181,"stop":1753413963181,"duration":0},"status":"passed","steps":[],"attachments":[],"parameters":[],"stepsCount":0,"shouldDisplayMessage":false,"attachmentsCount":0,"hasContent":false,"attachmentStep":false},{"name":"base_url","time":{"start":1753413963181,"stop":1753413963181,"duration":0},"status":"passed","steps":[],"attachments":[],"parameters":[],"stepsCount":0,"shouldDisplayMessage":false,"attachmentsCount":0,"hasContent":false,"attachmentStep":false},{"name":"setup_test_session","time":{"start":1753413963181,"stop":1753413963189,"duration":8},"status":"passed","steps":[],"attachments":[],"parameters":[],"stepsCount":0,"shouldDisplayMessage":false,"attachmentsCount":0,"hasContent":false,"attachmentStep":false},{"name":"setup_and_teardown_test","time":{"start":1753414014340,"stop":1753414014340,"duration":0},"status":"passed","steps":[],"attachments":[],"parameters":[],"stepsCount":0,"shouldDisplayMessage":false,"attachmentsCount":0,"hasContent":false,"attachmentStep":false},{"name":"setup_and_teardown","time":{"start":1753414014341,"stop":1753414017653,"duration":3312},"status":"passed","steps":[],"attachments":[],"parameters":[],"stepsCount":0,"shouldDisplayMessage":false,"attachmentsCount":0,"hasContent":false,"attachmentStep":false}],"afterStages":[{"name":"setup_and_teardown::0","time":{"start":1753414033565,"stop":1753414034909,"duration":1344},"status":"passed","steps":[],"attachments":[],"parameters":[],"stepsCount":0,"shouldDisplayMessage":false,"attachmentsCount":0,"hasContent":false,"attachmentStep":false},{"name":"setup_and_teardown_test::0","time":{"start":1753414034910,"stop":1753414034910,"duration":0},"status":"passed","steps":[],"attachments":[],"parameters":[],"stepsCount":0,"shouldDisplayMessage":false,"attachmentsCount":0,"hasContent":false,"attachmentStep":false},{"name":"setup_test_session::0","time":{"start":1753414036635,"stop":1753414036635,"duration":0},"status":"passed","steps":[],"attachments":[],"parameters":[],"stepsCount":0,"shouldDisplayMessage":false,"attachmentsCount":0,"hasContent":false,"attachmentStep":false}],"labels":[{"name":"story","value":"4.2.0 As a user during onboarding, I should be able to start one of the recommended programs right from the onboarding"},{"name":"severity","value":"blocker"},{"name":"epic","value":"Mobile App Testing"},{"name":"feature","value":"4.0.0 Program Management"},{"name":"tag","value":"program"},{"name":"parentSuite","value":"tests.android"},{"name":"suite","value":"test_4_Program_Management"},{"name":"subSuite","value":"TestProgramManagement"},{"name":"host","value":"fqqqqq.local"},{"name":"thread","value":"42458-MainThread"},{"name":"framework","value":"pytest"},{"name":"language","value":"cpython3"},{"name":"package","value":"tests.android.test_4_Program_Management"},{"name":"resultFormat","value":"allure2"}],"parameters":[],"links":[],"hidden":false,"retry":false,"extra":{"severity":"blocker","retries":[{"uid":"ac26148e2e380c7e","status":"broken","statusDetails":"selenium.common.exceptions.TimeoutException: Message: \nStacktrace:\nNoSuchElementError: An element could not be located on the page using the given search parameters.\n    at AndroidUiautomator2Driver.findElOrEls (/Users/qingqinfang/.appium/node_modules/appium-uiautomator2-driver/node_modules/appium-android-driver/lib/commands/find.ts:86:11)\n    at processTicksAndRejections (node:internal/process/task_queues:105:5)\n    at AndroidUiautomator2Driver.findElOrElsWithProcessing (/opt/homebrew/lib/node_modules/appium/node_modules/@appium/base-driver/lib/basedriver/commands/find.ts:60:12)\n    at AndroidUiautomator2Driver.findElement (/opt/homebrew/lib/node_modules/appium/node_modules/@appium/base-driver/lib/basedriver/commands/find.ts:75:12)","time":{"start":1753413996071,"stop":1753414011826,"duration":15755}},{"uid":"7541d239cefed509","status":"broken","statusDetails":"selenium.common.exceptions.TimeoutException: Message: \nStacktrace:\nNoSuchElementError: An element could not be located on the page using the given search parameters.\n    at AndroidUiautomator2Driver.findElOrEls (/Users/qingqinfang/.appium/node_modules/appium-uiautomator2-driver/node_modules/appium-android-driver/lib/commands/find.ts:86:11)\n    at processTicksAndRejections (node:internal/process/task_queues:105:5)\n    at AndroidUiautomator2Driver.findElOrElsWithProcessing (/opt/homebrew/lib/node_modules/appium/node_modules/@appium/base-driver/lib/basedriver/commands/find.ts:60:12)\n    at AndroidUiautomator2Driver.findElement (/opt/homebrew/lib/node_modules/appium/node_modules/@appium/base-driver/lib/basedriver/commands/find.ts:75:12)","time":{"start":1753413974176,"stop":1753413990033,"duration":15857}}],"categories":[{"name":"Test defects","matchedStatuses":[]}],"tags":["program"]},"source":"7438a7d48cd6cdc5.json","parameterValues":[]}