{"uid":"408d7f92d87d8d5e","name":"test_NAF_2_2_0_login_with_wrong_email","fullName":"tests.android.test_2_Authentication.TestAuthentication#test_NAF_2_2_0_login_with_wrong_email","historyId":"b16a29071b6a401b6486a6fc183d32f0","time":{"start":1753461817164,"stop":1753461848424,"duration":31260},"description":"\n    Test Case: NAF-15\n    As a user, I want to log in with my email and password\n    Scenario: Login Unsuccessful due to Non-existent Email\n    \n    Steps:\n    1. Open the app\n    2. Click on \"Log in\" button\n    3. Click on \"Sign in with your email\" button\n    4. Enter non-existent email: test@example.com\n    5. Enter password: testpassword\n    6. Click \"Log in\" button    \n    7. Verify error message appears\n    \n    Expected Result: Error message \"There is no account associated with this email. Please sign up.\" should be displayed\n    ","descriptionHtml":"<pre><code>Test Case: NAF-15\nAs a user, I want to log in with my email and password\nScenario: Login Unsuccessful due to Non-existent Email\n\nSteps:\n1. Open the app\n2. Click on &quot;Log in&quot; button\n3. Click on &quot;Sign in with your email&quot; button\n4. Enter non-existent email: test@example.com\n5. Enter password: testpassword\n6. Click &quot;Log in&quot; button    \n7. Verify error message appears\n\nExpected Result: Error message &quot;There is no account associated with this email. Please sign up.&quot; should be displayed\n</code></pre>\n","status":"passed","flaky":false,"newFailed":false,"newBroken":false,"newPassed":false,"retriesCount":10,"retriesStatusChange":true,"beforeStages":[{"name":"setup_test_session","time":{"start":1753461809813,"stop":1753461809822,"duration":9},"status":"passed","steps":[],"attachments":[],"parameters":[],"stepsCount":0,"shouldDisplayMessage":false,"attachmentsCount":0,"hasContent":false,"attachmentStep":false},{"name":"delete_output_dir","time":{"start":1753461809813,"stop":1753461809813,"duration":0},"status":"passed","steps":[],"attachments":[],"parameters":[],"stepsCount":0,"shouldDisplayMessage":false,"attachmentsCount":0,"hasContent":false,"attachmentStep":false},{"name":"pytestconfig","time":{"start":1753461809813,"stop":1753461809813,"duration":0},"status":"passed","steps":[],"attachments":[],"parameters":[],"stepsCount":0,"shouldDisplayMessage":false,"attachmentsCount":0,"hasContent":false,"attachmentStep":false},{"name":"_verify_url","time":{"start":1753461809813,"stop":1753461809813,"duration":0},"status":"passed","steps":[],"attachments":[],"parameters":[],"stepsCount":0,"shouldDisplayMessage":false,"attachmentsCount":0,"hasContent":false,"attachmentStep":false},{"name":"base_url","time":{"start":1753461809813,"stop":1753461809813,"duration":0},"status":"passed","steps":[],"attachments":[],"parameters":[],"stepsCount":0,"shouldDisplayMessage":false,"attachmentsCount":0,"hasContent":false,"attachmentStep":false},{"name":"setup_and_teardown","time":{"start":1753461809823,"stop":1753461817163,"duration":7340},"status":"passed","steps":[],"attachments":[],"parameters":[],"stepsCount":0,"shouldDisplayMessage":false,"attachmentsCount":0,"hasContent":false,"attachmentStep":false},{"name":"setup_and_teardown_test","time":{"start":1753461809823,"stop":1753461809823,"duration":0},"status":"passed","steps":[],"attachments":[],"parameters":[],"stepsCount":0,"shouldDisplayMessage":false,"attachmentsCount":0,"hasContent":false,"attachmentStep":false}],"afterStages":[{"name":"setup_and_teardown::0","time":{"start":1753461848424,"stop":1753461849308,"duration":884},"status":"passed","steps":[],"attachments":[],"parameters":[],"stepsCount":0,"shouldDisplayMessage":false,"attachmentsCount":0,"hasContent":false,"attachmentStep":false},{"name":"setup_and_teardown_test::0","time":{"start":1753461849310,"stop":1753461849310,"duration":0},"status":"passed","steps":[],"attachments":[],"parameters":[],"stepsCount":0,"shouldDisplayMessage":false,"attachmentsCount":0,"hasContent":false,"attachmentStep":false},{"name":"setup_test_session::0","time":{"start":1753462081523,"stop":1753462081523,"duration":0},"status":"passed","steps":[],"attachments":[],"parameters":[],"stepsCount":0,"shouldDisplayMessage":false,"attachmentsCount":0,"hasContent":false,"attachmentStep":false}],"labels":[{"name":"story","value":"2.2.0 As a user, I want to log in with my email and password"},{"name":"severity","value":"critical"},{"name":"feature","value":"2.0.0 Authentication"},{"name":"epic","value":"Mobile App Testing-Android"},{"name":"tag","value":"authentication"},{"name":"tag","value":"order(1)"},{"name":"parentSuite","value":"tests.android"},{"name":"suite","value":"test_2_Authentication"},{"name":"subSuite","value":"TestAuthentication"},{"name":"host","value":"fqqqqq.local"},{"name":"thread","value":"6741-MainThread"},{"name":"framework","value":"pytest"},{"name":"language","value":"cpython3"},{"name":"package","value":"tests.android.test_2_Authentication"},{"name":"resultFormat","value":"allure2"}],"parameters":[],"links":[],"hidden":false,"retry":false,"extra":{"severity":"critical","retries":[{"uid":"dcdd8618f6cc5d62","status":"broken","statusDetails":"selenium.common.exceptions.StaleElementReferenceException: Message: androidx.test.uiautomator.StaleObjectException; For documentation on this error, please visit: https://www.selenium.dev/documentation/webdriver/troubleshooting/errors#stale-element-reference-exception\nStacktrace:\nio.appium.uiautomator2.common.exceptions.StaleElementReferenceException: androidx.test.uiautomator.StaleObjectException\n\tat io.appium.uiautomator2.handler.request.SafeRequestHandler.handle(SafeRequestHandler.java:63)\n\tat io.appium.uiautomator2.server.AppiumServlet.handleRequest(AppiumServlet.java:259)\n\tat io.appium.uiautomator2.server.AppiumServlet.handleHttpRequest(AppiumServlet.java:253)\n\tat io.appium.uiautomator2.http.ServerHandler.channelRead(ServerHandler.java:77)\n\tat io.netty.channel.AbstractChannelHandlerContext.invokeChannelRead(AbstractChannelHandlerContext.java:374)\n\tat io.netty.channel.AbstractChannelHandlerContext.invokeChannelRead(AbstractChannelHandlerContext.java:360)\n\tat io.netty.channel.AbstractChannelHandlerContext.fireChannelRead(AbstractChannelHandlerContext.java:352)\n\tat io.netty.handler.codec.MessageToMessageDecoder.channelRead(MessageToMessageDecoder.java:102)\n\tat io.netty.channel.AbstractChannelHandlerContext.invokeChannelRead(AbstractChannelHandlerContext.java:374)\n\tat io.netty.channel.AbstractChannelHandlerContext.invokeChannelRead(AbstractChannelHandlerContext.java:360)\n\tat io.netty.channel.AbstractChannelHandlerContext.fireChannelRead(AbstractChannelHandlerContext.java:352)\n\tat io.netty.channel.CombinedChannelDuplexHandler$DelegatingChannelHandlerContext.fireChannelRead(CombinedChannelDuplexHandler.java:438)\n\tat io.netty.handler.codec.ByteToMessageDecoder.fireChannelRead(ByteToMessageDecoder.java:328)\n\tat io.netty.handler.codec.ByteToMessageDecoder.channelRead(ByteToMessageDecoder.java:302)\n\tat io.netty.channel.CombinedChannelDuplexHandler.channelRead(CombinedChannelDuplexHandler.java:253)\n\tat io.netty.channel.AbstractChannelHandlerContext.invokeChannelRead(AbstractChannelHandlerContext.java:374)\n\tat io.netty.channel.AbstractChannelHandlerContext.invokeChannelRead(AbstractChannelHandlerContext.java:360)\n\tat io.netty.channel.AbstractChannelHandlerContext.fireChannelRead(AbstractChannelHandlerContext.java:352)\n\tat io.netty.handler.timeout.IdleStateHandler.channelRead(IdleStateHandler.java:287)\n\tat io.netty.channel.AbstractChannelHandlerContext.invokeChannelRead(AbstractChannelHandlerContext.java:374)\n\tat io.netty.channel.AbstractChannelHandlerContext.invokeChannelRead(AbstractChannelHandlerContext.java:360)\n\tat io.netty.channel.AbstractChannelHandlerContext.fireChannelRead(AbstractChannelHandlerContext.java:352)\n\tat io.netty.channel.DefaultChannelPipeline$HeadContext.channelRead(DefaultChannelPipeline.java:1422)\n\tat io.netty.channel.AbstractChannelHandlerContext.invokeChannelRead(AbstractChannelHandlerContext.java:374)\n\tat io.netty.channel.AbstractChannelHandlerContext.invokeChannelRead(AbstractChannelHandlerContext.java:360)\n\tat io.netty.channel.DefaultChannelPipeline.fireChannelRead(DefaultChannelPipeline.java:931)\n\tat io.netty.channel.nio.AbstractNioByteChannel$NioByteUnsafe.read(AbstractNioByteChannel.java:163)\n\tat io.netty.channel.nio.NioEventLoop.processSelectedKey(NioEventLoop.java:700)\n\tat io.netty.channel.nio.NioEventLoop.processSelectedKeysOptimized(NioEventLoop.java:635)\n\tat io.netty.channel.nio.NioEventLoop.processSelectedKeys(NioEventLoop.java:552)\n\tat io.netty.channel.nio.NioEventLoop.run(NioEventLoop.java:514)\n\tat io.netty.util.concurrent.SingleThreadEventExecutor$6.run(SingleThreadEventExecutor.java:1044)\n\tat io.netty.util.internal.ThreadExecutorMap$2.run(ThreadExecutorMap.java:74)\n\tat io.netty.util.concurrent.FastThreadLocalRunnable.run(FastThreadLocalRunnable.java:30)\n\tat java.lang.Thread.run(Thread.java:1012)\nCaused by: androidx.test.uiautomator.StaleObjectException\n\tat androidx.test.uiautomator.UiObject2.getAccessibilityNodeInfo(UiObject2.java:1018)\n\tat androidx.test.uiautomator.UiObject2.hashCode(UiObject2.java:139)\n\tat java.lang.Object.toString(Object.java:299)\n\tat java.util.Formatter$FormatSpecifier.printString(Formatter.java:3138)\n\tat java.util.Formatter$FormatSpecifier.print(Formatter.java:3015)\n\tat java.util.Formatter.format(Formatter.java:2678)\n\tat java.util.Formatter.format(Formatter.java:2614)\n\tat java.lang.String.format(String.java:4019)\n\tat io.appium.uiautomator2.utils.ReflectionUtils.invoke(ReflectionUtils.java:85)\n\tat io.appium.uiautomator2.core.AxNodeInfoExtractor.extractAxNodeInfo(AxNodeInfoExtractor.java:58)\n\tat io.appium.uiautomator2.core.AxNodeInfoExtractor.toAxNodeInfo(AxNodeInfoExtractor.java:48)\n\tat io.appium.uiautomator2.model.BaseElement.click(BaseElement.java:71)\n\tat io.appium.uiautomator2.handler.Click.safeHandle(Click.java:37)\n\tat io.appium.uiautomator2.handler.request.SafeRequestHandler.handle(SafeRequestHandler.java:59)\n\t... 34 more","time":{"start":1753461781797,"stop":1753461795073,"duration":13276}},{"uid":"894a2a5affbb0faa","status":"passed","time":{"start":1753461358048,"stop":1753461389382,"duration":31334}},{"uid":"f5794abe290397ca","status":"broken","statusDetails":"selenium.common.exceptions.WebDriverException: Message: An unknown server-side error occurred while processing the command. Original error: 'POST /element' cannot be proxied to UiAutomator2 server because the instrumentation process is not running (probably crashed). Check the server log and/or the logcat output for more details\nStacktrace:\nUnknownError: An unknown server-side error occurred while processing the command. Original error: 'POST /element' cannot be proxied to UiAutomator2 server because the instrumentation process is not running (probably crashed). Check the server log and/or the logcat output for more details\n    at UIA2Proxy.command (/opt/homebrew/lib/node_modules/appium/node_modules/@appium/base-driver/lib/jsonwp-proxy/proxy.js:359:13)\n    at AndroidUiautomator2Driver.doFindElementOrEls (/Users/qingqinfang/.appium/node_modules/appium-uiautomator2-driver/lib/commands/find.js:40:5)\n    at doFind (/Users/qingqinfang/.appium/node_modules/appium-uiautomator2-driver/node_modules/appium-android-driver/lib/commands/find.ts:47:17)\n    at wrappedCondFn (/opt/homebrew/lib/node_modules/appium/node_modules/@appium/base-driver/lib/basedriver/commands/timeout.ts:141:14)\n    at spin (/opt/homebrew/lib/node_modules/appium/node_modules/asyncbox/lib/asyncbox.js:219:20)\n    at spin (/opt/homebrew/lib/node_modules/appium/node_modules/asyncbox/lib/asyncbox.js:229:14)\n    at spin (/opt/homebrew/lib/node_modules/appium/node_modules/asyncbox/lib/asyncbox.js:229:14)\n    at spin (/opt/homebrew/lib/node_modules/appium/node_modules/asyncbox/lib/asyncbox.js:229:14)\n    at spin (/opt/homebrew/lib/node_modules/appium/node_modules/asyncbox/lib/asyncbox.js:229:14)\n    at spin (/opt/homebrew/lib/node_modules/appium/node_modules/asyncbox/lib/asyncbox.js:229:14)\n    at spin (/opt/homebrew/lib/node_modules/appium/node_modules/asyncbox/lib/asyncbox.js:229:14)\n    at waitForCondition (/opt/homebrew/lib/node_modules/appium/node_modules/asyncbox/lib/asyncbox.js:236:10)\n    at AndroidUiautomator2Driver.implicitWaitForCondition (/opt/homebrew/lib/node_modules/appium/node_modules/@appium/base-driver/lib/basedriver/commands/timeout.ts:143:12)\n    at AndroidUiautomator2Driver.findElOrEls (/Users/qingqinfang/.appium/node_modules/appium-uiautomator2-driver/node_modules/appium-android-driver/lib/commands/find.ts:70:5)\n    at AndroidUiautomator2Driver.findElOrElsWithProcessing (/opt/homebrew/lib/node_modules/appium/node_modules/@appium/base-driver/lib/basedriver/commands/find.ts:60:12)\n    at AndroidUiautomator2Driver.findElement (/opt/homebrew/lib/node_modules/appium/node_modules/@appium/base-driver/lib/basedriver/commands/find.ts:75:12)","time":{"start":1753461320376,"stop":1753461330560,"duration":10184}},{"uid":"548e3591bbed884a","status":"passed","time":{"start":1753461071208,"stop":1753461097349,"duration":26141}},{"uid":"196187089e4f4831","status":"passed","time":{"start":1753460876868,"stop":1753460905208,"duration":28340}},{"uid":"318be12386bf8d23","status":"broken","statusDetails":"selenium.common.exceptions.WebDriverException: Message: An unknown server-side error occurred while processing the command. Original error: 'POST /element' cannot be proxied to UiAutomator2 server because the instrumentation process is not running (probably crashed). Check the server log and/or the logcat output for more details\nStacktrace:\nUnknownError: An unknown server-side error occurred while processing the command. Original error: 'POST /element' cannot be proxied to UiAutomator2 server because the instrumentation process is not running (probably crashed). Check the server log and/or the logcat output for more details\n    at UIA2Proxy.command (/opt/homebrew/lib/node_modules/appium/node_modules/@appium/base-driver/lib/jsonwp-proxy/proxy.js:359:13)\n    at processTicksAndRejections (node:internal/process/task_queues:105:5)\n    at AndroidUiautomator2Driver.doFindElementOrEls (/Users/qingqinfang/.appium/node_modules/appium-uiautomator2-driver/lib/commands/find.js:40:5)\n    at doFind (/Users/qingqinfang/.appium/node_modules/appium-uiautomator2-driver/node_modules/appium-android-driver/lib/commands/find.ts:47:17)\n    at wrappedCondFn (/opt/homebrew/lib/node_modules/appium/node_modules/@appium/base-driver/lib/basedriver/commands/timeout.ts:141:14)\n    at spin (/opt/homebrew/lib/node_modules/appium/node_modules/asyncbox/lib/asyncbox.js:219:20)\n    at waitForCondition (/opt/homebrew/lib/node_modules/appium/node_modules/asyncbox/lib/asyncbox.js:236:10)\n    at AndroidUiautomator2Driver.implicitWaitForCondition (/opt/homebrew/lib/node_modules/appium/node_modules/@appium/base-driver/lib/basedriver/commands/timeout.ts:143:12)\n    at AndroidUiautomator2Driver.findElOrEls (/Users/qingqinfang/.appium/node_modules/appium-uiautomator2-driver/node_modules/appium-android-driver/lib/commands/find.ts:70:5)\n    at AndroidUiautomator2Driver.findElOrElsWithProcessing (/opt/homebrew/lib/node_modules/appium/node_modules/@appium/base-driver/lib/basedriver/commands/find.ts:60:12)\n    at AndroidUiautomator2Driver.findElement (/opt/homebrew/lib/node_modules/appium/node_modules/@appium/base-driver/lib/basedriver/commands/find.ts:75:12)","time":{"start":1753460801306,"stop":1753460801309,"duration":3}},{"uid":"2b8ff46d0356bd2f","status":"broken","statusDetails":"selenium.common.exceptions.WebDriverException: Message: An unknown server-side error occurred while processing the command. Original error: 'POST /element/00000000-0000-086f-ffff-ffff00000082/click' cannot be proxied to UiAutomator2 server because the instrumentation process is not running (probably crashed). Check the server log and/or the logcat output for more details\nStacktrace:\nUnknownError: An unknown server-side error occurred while processing the command. Original error: 'POST /element/00000000-0000-086f-ffff-ffff00000082/click' cannot be proxied to UiAutomator2 server because the instrumentation process is not running (probably crashed). Check the server log and/or the logcat output for more details\n    at UIA2Proxy.command (/opt/homebrew/lib/node_modules/appium/node_modules/@appium/base-driver/lib/jsonwp-proxy/proxy.js:359:13)\n    at processTicksAndRejections (node:internal/process/task_queues:105:5)\n    at AndroidUiautomator2Driver.click (/Users/qingqinfang/.appium/node_modules/appium-uiautomator2-driver/lib/commands/element.js:158:3)","time":{"start":1753460772775,"stop":1753460797048,"duration":24273}},{"uid":"a3966f707a5a6b7d","status":"passed","time":{"start":1753449859085,"stop":1753449887068,"duration":27983}},{"uid":"54fcde9adb949d04","status":"passed","time":{"start":1753447834473,"stop":1753447858104,"duration":23631}},{"uid":"2e095e4941c5c9a0","status":"broken","statusDetails":"selenium.common.exceptions.TimeoutException: Message: \nStacktrace:\nNoSuchElementError: An element could not be located on the page using the given search parameters.\n    at AndroidUiautomator2Driver.findElOrEls (/Users/qingqinfang/.appium/node_modules/appium-uiautomator2-driver/node_modules/appium-android-driver/lib/commands/find.ts:86:11)\n    at processTicksAndRejections (node:internal/process/task_queues:105:5)\n    at AndroidUiautomator2Driver.findElOrElsWithProcessing (/opt/homebrew/lib/node_modules/appium/node_modules/@appium/base-driver/lib/basedriver/commands/find.ts:60:12)\n    at AndroidUiautomator2Driver.findElement (/opt/homebrew/lib/node_modules/appium/node_modules/@appium/base-driver/lib/basedriver/commands/find.ts:75:12)","time":{"start":1753447813287,"stop":1753447829281,"duration":15994}}],"categories":[],"tags":["order(1)","authentication"]},"source":"408d7f92d87d8d5e.json","parameterValues":[]}