{"uid":"56b4909a68ecd4a5","name":"test_NAF_3_2_0_update_bio","fullName":"tests.android.test_3_Account_Setup.TestPersonInformationManagement#test_NAF_3_2_0_update_bio","historyId":"41210ad976be05b8752baa3bddf98ab9","time":{"start":1753462094750,"stop":1753462125735,"duration":30985},"description":"\n    Test Case: NAF-37, NAF-39\n    As a registered user I can view and update my bio\n    Scenario: Update Bio\n    \n    Steps:\n    1. Open the app, assume the user is logged in\n    2. Go to \"My Profile\" button\n    3. Click on \"Edit\" button\n    4. Enter bio content\n    5. Click on \"Save\" button\n    6. Verify bio content is updated\n    \n    Expected Result: Bio content is updated\n    ","descriptionHtml":"<pre><code>Test Case: NAF-37, NAF-39\nAs a registered user I can view and update my bio\nScenario: Update Bio\n\nSteps:\n1. Open the app, assume the user is logged in\n2. Go to &quot;My Profile&quot; button\n3. Click on &quot;Edit&quot; button\n4. Enter bio content\n5. Click on &quot;Save&quot; button\n6. Verify bio content is updated\n\nExpected Result: Bio content is updated\n</code></pre>\n","status":"passed","flaky":false,"newFailed":false,"newBroken":false,"newPassed":false,"retriesCount":7,"retriesStatusChange":true,"beforeStages":[{"name":"pytestconfig","time":{"start":1753462084187,"stop":1753462084187,"duration":0},"status":"passed","steps":[],"attachments":[],"parameters":[],"stepsCount":0,"shouldDisplayMessage":false,"attachmentsCount":0,"hasContent":false,"attachmentStep":false},{"name":"base_url","time":{"start":1753462084188,"stop":1753462084188,"duration":0},"status":"passed","steps":[],"attachments":[],"parameters":[],"stepsCount":0,"shouldDisplayMessage":false,"attachmentsCount":0,"hasContent":false,"attachmentStep":false},{"name":"setup_test_session","time":{"start":1753462084188,"stop":1753462084199,"duration":11},"status":"passed","steps":[],"attachments":[],"parameters":[],"stepsCount":0,"shouldDisplayMessage":false,"attachmentsCount":0,"hasContent":false,"attachmentStep":false},{"name":"_verify_url","time":{"start":1753462084188,"stop":1753462084188,"duration":0},"status":"passed","steps":[],"attachments":[],"parameters":[],"stepsCount":0,"shouldDisplayMessage":false,"attachmentsCount":0,"hasContent":false,"attachmentStep":false},{"name":"delete_output_dir","time":{"start":1753462084188,"stop":1753462084188,"duration":0},"status":"passed","steps":[],"attachments":[],"parameters":[],"stepsCount":0,"shouldDisplayMessage":false,"attachmentsCount":0,"hasContent":false,"attachmentStep":false},{"name":"setup_and_teardown_test","time":{"start":1753462084200,"stop":1753462084200,"duration":0},"status":"passed","steps":[],"attachments":[],"parameters":[],"stepsCount":0,"shouldDisplayMessage":false,"attachmentsCount":0,"hasContent":false,"attachmentStep":false},{"name":"setup_and_teardown","time":{"start":1753462084200,"stop":1753462094750,"duration":10550},"status":"passed","steps":[],"attachments":[],"parameters":[],"stepsCount":0,"shouldDisplayMessage":false,"attachmentsCount":0,"hasContent":false,"attachmentStep":false}],"afterStages":[{"name":"setup_and_teardown::0","time":{"start":1753462125735,"stop":1753462126398,"duration":663},"status":"passed","steps":[],"attachments":[],"parameters":[],"stepsCount":0,"shouldDisplayMessage":false,"attachmentsCount":0,"hasContent":false,"attachmentStep":false},{"name":"setup_and_teardown_test::0","time":{"start":1753462126399,"stop":1753462126400,"duration":1},"status":"passed","steps":[],"attachments":[],"parameters":[],"stepsCount":0,"shouldDisplayMessage":false,"attachmentsCount":0,"hasContent":false,"attachmentStep":false},{"name":"setup_test_session::0","time":{"start":1753462670064,"stop":1753462670065,"duration":1},"status":"passed","steps":[],"attachments":[],"parameters":[],"stepsCount":0,"shouldDisplayMessage":false,"attachmentsCount":0,"hasContent":false,"attachmentStep":false}],"labels":[{"name":"severity","value":"blocker"},{"name":"story","value":"3.2.0 As a registered user I can view and update my bio"},{"name":"feature","value":"3.0.0 Account Setup"},{"name":"epic","value":"Mobile App Testing-Android"},{"name":"tag","value":"login"},{"name":"tag","value":"personal"},{"name":"tag","value":"order(2)"},{"name":"parentSuite","value":"tests.android"},{"name":"suite","value":"test_3_Account_Setup"},{"name":"subSuite","value":"TestPersonInformationManagement"},{"name":"host","value":"fqqqqq.local"},{"name":"thread","value":"7249-MainThread"},{"name":"framework","value":"pytest"},{"name":"language","value":"cpython3"},{"name":"package","value":"tests.android.test_3_Account_Setup"},{"name":"resultFormat","value":"allure2"}],"parameters":[],"links":[],"hidden":false,"retry":false,"extra":{"severity":"blocker","retries":[{"uid":"fdd35be411570d89","status":"broken","statusDetails":"selenium.common.exceptions.WebDriverException: Message: An unknown server-side error occurred while processing the command. Original error: Error executing adbExec. Original error: 'Command '/Users/qingqinfang/Library/Android/sdk/platform-tools/adb -P 5037 -s emulator-5554 forward tcp\\:8203 tcp\\:6790' exited with code 1'; Command output: adb: error: more than one device/emulator\n\nStacktrace:\nUnknownError: An unknown server-side error occurred while processing the command. Original error: Error executing adbExec. Original error: 'Command '/Users/qingqinfang/Library/Android/sdk/platform-tools/adb -P 5037 -s emulator-5554 forward tcp\\:8203 tcp\\:6790' exited with code 1'; Command output: adb: error: more than one device/emulator\n\n    at getResponseForW3CError (/opt/homebrew/lib/node_modules/appium/node_modules/@appium/base-driver/lib/protocol/errors.js:1143:9)\n    at asyncHandler (/opt/homebrew/lib/node_modules/appium/node_modules/@appium/base-driver/lib/protocol/protocol.js:487:57)","time":{"start":1753461680548,"stop":1753461680548,"duration":0}},{"uid":"50eca79ef4180d22","status":"broken","statusDetails":"selenium.common.exceptions.WebDriverException: Message: An unknown server-side error occurred while processing the command. Original error: Error executing adbExec. Original error: 'Command '/Users/qingqinfang/Library/Android/sdk/platform-tools/adb -P 5037 -s emulator-5554 forward tcp\\:8203 tcp\\:6790' exited with code 1'; Command output: adb: error: more than one device/emulator\n\nStacktrace:\nUnknownError: An unknown server-side error occurred while processing the command. Original error: Error executing adbExec. Original error: 'Command '/Users/qingqinfang/Library/Android/sdk/platform-tools/adb -P 5037 -s emulator-5554 forward tcp\\:8203 tcp\\:6790' exited with code 1'; Command output: adb: error: more than one device/emulator\n\n    at getResponseForW3CError (/opt/homebrew/lib/node_modules/appium/node_modules/@appium/base-driver/lib/protocol/errors.js:1143:9)\n    at asyncHandler (/opt/homebrew/lib/node_modules/appium/node_modules/@appium/base-driver/lib/protocol/protocol.js:487:57)","time":{"start":1753461678496,"stop":1753461678496,"duration":0}},{"uid":"a52caedcf65f4e8c","status":"broken","statusDetails":"selenium.common.exceptions.WebDriverException: Message: An unknown server-side error occurred while processing the command. Original error: Error executing adbExec. Original error: 'Command '/Users/qingqinfang/Library/Android/sdk/platform-tools/adb -P 5037 -s emulator-5554 forward tcp\\:8203 tcp\\:6790' exited with code 1'; Command output: adb: error: more than one device/emulator\n\nStacktrace:\nUnknownError: An unknown server-side error occurred while processing the command. Original error: Error executing adbExec. Original error: 'Command '/Users/qingqinfang/Library/Android/sdk/platform-tools/adb -P 5037 -s emulator-5554 forward tcp\\:8203 tcp\\:6790' exited with code 1'; Command output: adb: error: more than one device/emulator\n\n    at getResponseForW3CError (/opt/homebrew/lib/node_modules/appium/node_modules/@appium/base-driver/lib/protocol/errors.js:1143:9)\n    at asyncHandler (/opt/homebrew/lib/node_modules/appium/node_modules/@appium/base-driver/lib/protocol/protocol.js:487:57)","time":{"start":1753461676241,"stop":1753461676241,"duration":0}},{"uid":"e5dac711147ec266","status":"passed","time":{"start":1753450118133,"stop":1753450147562,"duration":29429}},{"uid":"43e2e09d6beb8b35","status":"broken","statusDetails":"selenium.common.exceptions.InvalidSessionIdException: Message: A session is either terminated or not started\nStacktrace:\nNoSuchDriverError: A session is either terminated or not started\n    at asyncHandler (/opt/homebrew/lib/node_modules/appium/node_modules/@appium/base-driver/lib/protocol/protocol.js:311:15)\n    at /opt/homebrew/lib/node_modules/appium/node_modules/@appium/base-driver/lib/protocol/protocol.js:514:15\n    at Layer.handle [as handle_request] (/opt/homebrew/lib/node_modules/appium/node_modules/express/lib/router/layer.js:95:5)\n    at next (/opt/homebrew/lib/node_modules/appium/node_modules/express/lib/router/route.js:149:13)\n    at Route.dispatch (/opt/homebrew/lib/node_modules/appium/node_modules/express/lib/router/route.js:119:3)\n    at Layer.handle [as handle_request] (/opt/homebrew/lib/node_modules/appium/node_modules/express/lib/router/layer.js:95:5)\n    at /opt/homebrew/lib/node_modules/appium/node_modules/express/lib/router/index.js:284:15\n    at param (/opt/homebrew/lib/node_modules/appium/node_modules/express/lib/router/index.js:365:14)\n    at param (/opt/homebrew/lib/node_modules/appium/node_modules/express/lib/router/index.js:376:14)\n    at router.process_params (/opt/homebrew/lib/node_modules/appium/node_modules/express/lib/router/index.js:421:3)\n    at next (/opt/homebrew/lib/node_modules/appium/node_modules/express/lib/router/index.js:280:10)\n    at logger (/opt/homebrew/lib/node_modules/appium/node_modules/morgan/index.js:144:5)\n    at Layer.handle [as handle_request] (/opt/homebrew/lib/node_modules/appium/node_modules/express/lib/router/layer.js:95:5)\n    at trim_prefix (/opt/homebrew/lib/node_modules/appium/node_modules/express/lib/router/index.js:328:13)\n    at /opt/homebrew/lib/node_modules/appium/node_modules/express/lib/router/index.js:286:9\n    at router.process_params (/opt/homebrew/lib/node_modules/appium/node_modules/express/lib/router/index.js:346:12)\n    at next (/opt/homebrew/lib/node_modules/appium/node_modules/express/lib/router/index.js:280:10)\n    at /opt/homebrew/lib/node_modules/appium/node_modules/body-parser/lib/read.js:137:5\n    at AsyncResource.runInAsyncScope (node:async_hooks:214:14)\n    at invokeCallback (/opt/homebrew/lib/node_modules/appium/node_modules/raw-body/index.js:238:16)\n    at done (/opt/homebrew/lib/node_modules/appium/node_modules/raw-body/index.js:227:7)\n    at IncomingMessage.onEnd (/opt/homebrew/lib/node_modules/appium/node_modules/raw-body/index.js:287:7)\n    at IncomingMessage.emit (node:events:507:28)\n    at endReadableNT (node:internal/streams/readable:1701:12)\n    at processTicksAndRejections (node:internal/process/task_queues:90:21)","time":{"start":1753448135015,"stop":1753448157874,"duration":22859}},{"uid":"52b6ecb294ed7c2f","status":"broken","statusDetails":"selenium.common.exceptions.WebDriverException: Message: An unknown server-side error occurred while processing the command. Original error: 'POST /element' cannot be proxied to UiAutomator2 server because the instrumentation process is not running (probably crashed). Check the server log and/or the logcat output for more details\nStacktrace:\nUnknownError: An unknown server-side error occurred while processing the command. Original error: 'POST /element' cannot be proxied to UiAutomator2 server because the instrumentation process is not running (probably crashed). Check the server log and/or the logcat output for more details\n    at UIA2Proxy.command (/opt/homebrew/lib/node_modules/appium/node_modules/@appium/base-driver/lib/jsonwp-proxy/proxy.js:359:13)\n    at processTicksAndRejections (node:internal/process/task_queues:105:5)\n    at AndroidUiautomator2Driver.doFindElementOrEls (/Users/qingqinfang/.appium/node_modules/appium-uiautomator2-driver/lib/commands/find.js:40:5)\n    at doFind (/Users/qingqinfang/.appium/node_modules/appium-uiautomator2-driver/node_modules/appium-android-driver/lib/commands/find.ts:47:17)\n    at wrappedCondFn (/opt/homebrew/lib/node_modules/appium/node_modules/@appium/base-driver/lib/basedriver/commands/timeout.ts:141:14)\n    at spin (/opt/homebrew/lib/node_modules/appium/node_modules/asyncbox/lib/asyncbox.js:219:20)\n    at waitForCondition (/opt/homebrew/lib/node_modules/appium/node_modules/asyncbox/lib/asyncbox.js:236:10)\n    at AndroidUiautomator2Driver.implicitWaitForCondition (/opt/homebrew/lib/node_modules/appium/node_modules/@appium/base-driver/lib/basedriver/commands/timeout.ts:143:12)\n    at AndroidUiautomator2Driver.findElOrEls (/Users/qingqinfang/.appium/node_modules/appium-uiautomator2-driver/node_modules/appium-android-driver/lib/commands/find.ts:70:5)\n    at AndroidUiautomator2Driver.findElOrElsWithProcessing (/opt/homebrew/lib/node_modules/appium/node_modules/@appium/base-driver/lib/basedriver/commands/find.ts:60:12)\n    at AndroidUiautomator2Driver.findElement (/opt/homebrew/lib/node_modules/appium/node_modules/@appium/base-driver/lib/basedriver/commands/find.ts:75:12)","time":{"start":1753448116700,"stop":1753448127938,"duration":11238}},{"uid":"e31021f6375d8e3e","status":"broken","statusDetails":"selenium.common.exceptions.WebDriverException: Message: An unknown server-side error occurred while processing the command. Original error: 'POST /element' cannot be proxied to UiAutomator2 server because the instrumentation process is not running (probably crashed). Check the server log and/or the logcat output for more details\nStacktrace:\nUnknownError: An unknown server-side error occurred while processing the command. Original error: 'POST /element' cannot be proxied to UiAutomator2 server because the instrumentation process is not running (probably crashed). Check the server log and/or the logcat output for more details\n    at UIA2Proxy.command (/opt/homebrew/lib/node_modules/appium/node_modules/@appium/base-driver/lib/jsonwp-proxy/proxy.js:359:13)\n    at processTicksAndRejections (node:internal/process/task_queues:105:5)\n    at AndroidUiautomator2Driver.doFindElementOrEls (/Users/qingqinfang/.appium/node_modules/appium-uiautomator2-driver/lib/commands/find.js:40:5)\n    at doFind (/Users/qingqinfang/.appium/node_modules/appium-uiautomator2-driver/node_modules/appium-android-driver/lib/commands/find.ts:47:17)\n    at wrappedCondFn (/opt/homebrew/lib/node_modules/appium/node_modules/@appium/base-driver/lib/basedriver/commands/timeout.ts:141:14)\n    at spin (/opt/homebrew/lib/node_modules/appium/node_modules/asyncbox/lib/asyncbox.js:219:20)\n    at waitForCondition (/opt/homebrew/lib/node_modules/appium/node_modules/asyncbox/lib/asyncbox.js:236:10)\n    at AndroidUiautomator2Driver.implicitWaitForCondition (/opt/homebrew/lib/node_modules/appium/node_modules/@appium/base-driver/lib/basedriver/commands/timeout.ts:143:12)\n    at AndroidUiautomator2Driver.findElOrEls (/Users/qingqinfang/.appium/node_modules/appium-uiautomator2-driver/node_modules/appium-android-driver/lib/commands/find.ts:70:5)\n    at AndroidUiautomator2Driver.findElOrElsWithProcessing (/opt/homebrew/lib/node_modules/appium/node_modules/@appium/base-driver/lib/basedriver/commands/find.ts:60:12)\n    at AndroidUiautomator2Driver.findElement (/opt/homebrew/lib/node_modules/appium/node_modules/@appium/base-driver/lib/basedriver/commands/find.ts:75:12)","time":{"start":1753448073730,"stop":1753448109685,"duration":35955}}],"categories":[],"tags":["order(2)","personal","login"]},"source":"56b4909a68ecd4a5.json","parameterValues":[]}