{"uid":"1258e444c8fc7a1f","name":"test_logout_and_relogin","fullName":"tests.ios.test_2_Authentication_logout.TestLogout#test_logout_and_relogin","historyId":"0a5d6523c2eb39696f1e3d896da224fa","time":{"start":1754055206625,"stop":1754055225275,"duration":18650},"description":"\n    Test Case: NAF-433\n    As a user, I want to be able to log out from the app\n    Scenario: Logout and Relogin\n    \n    Steps:\n    1. Open the app\n    2. Go to \"My Profile\" button\n    3. Click on \"Log out\" button\n    4. Verify successful logout\n    5. Click on \"Log in\" button\n    6. Verify successful login\n    \n    Expected Result: User should be successfully logged in and redirected to the main app\n    ","descriptionHtml":"<pre><code>Test Case: NAF-433\nAs a user, I want to be able to log out from the app\nScenario: Logout and Relogin\n\nSteps:\n1. Open the app\n2. Go to &quot;My Profile&quot; button\n3. Click on &quot;Log out&quot; button\n4. Verify successful logout\n5. Click on &quot;Log in&quot; button\n6. Verify successful login\n\nExpected Result: User should be successfully logged in and redirected to the main app\n</code></pre>\n","status":"broken","statusMessage":"selenium.common.exceptions.NoSuchElementException: Message: An element could not be located on the page using the given search parameters.; For documentation on this error, please visit: https://www.selenium.dev/documentation/webdriver/troubleshooting/errors#no-such-element-exception\nStacktrace:\nNoSuchElementError: An element could not be located on the page using the given search parameters.\n    at XCUITestDriver.doNativeFind (/Users/qingqinfang/.appium/node_modules/appium-xcuitest-driver/lib/commands/find.js:143:13)\n    at processTicksAndRejections (node:internal/process/task_queues:105:5)\n    at XCUITestDriver.findNativeElementOrElements (/Users/qingqinfang/.appium/node_modules/appium-xcuitest-driver/lib/commands/find.js:97:12)\n    at XCUITestDriver.findElOrEls (/Users/qingqinfang/.appium/node_modules/appium-xcuitest-driver/lib/commands/find.js:24:14)\n    at XCUITestDriver.findElOrElsWithProcessing (/opt/homebrew/lib/node_modules/appium/node_modules/@appium/base-driver/lib/basedriver/commands/find.ts:60:12)\n    at XCUITestDriver.findElement (/opt/homebrew/lib/node_modules/appium/node_modules/@appium/base-driver/lib/basedriver/commands/find.ts:75:12)","statusTrace":"tests/ios/test_2_Authentication_logout.py:93: in test_logout_and_relogin\n    person_info_page.logout()\npages/ios/personal_infomation_page.py:423: in logout\n    self.click_logout_button()\npages/ios/personal_infomation_page.py:406: in click_logout_button\n    self.driver.find_element(*self.LOGOUT_BUTTON_LOCATOR).click()\n../../../../anaconda3/lib/python3.11/site-packages/selenium/webdriver/remote/webdriver.py:914: in find_element\n    return self.execute(Command.FIND_ELEMENT, {\"using\": by, \"value\": value})[\"value\"]\n../../../../anaconda3/lib/python3.11/site-packages/selenium/webdriver/remote/webdriver.py:447: in execute\n    self.error_handler.check_response(response)\n../../../../anaconda3/lib/python3.11/site-packages/appium/webdriver/errorhandler.py:125: in check_response\n    raise exception_class(msg=message, stacktrace=format_stacktrace(stacktrace))\nE   selenium.common.exceptions.NoSuchElementException: Message: An element could not be located on the page using the given search parameters.; For documentation on this error, please visit: https://www.selenium.dev/documentation/webdriver/troubleshooting/errors#no-such-element-exception\nE   Stacktrace:\nE   NoSuchElementError: An element could not be located on the page using the given search parameters.\nE       at XCUITestDriver.doNativeFind (/Users/qingqinfang/.appium/node_modules/appium-xcuitest-driver/lib/commands/find.js:143:13)\nE       at processTicksAndRejections (node:internal/process/task_queues:105:5)\nE       at XCUITestDriver.findNativeElementOrElements (/Users/qingqinfang/.appium/node_modules/appium-xcuitest-driver/lib/commands/find.js:97:12)\nE       at XCUITestDriver.findElOrEls (/Users/qingqinfang/.appium/node_modules/appium-xcuitest-driver/lib/commands/find.js:24:14)\nE       at XCUITestDriver.findElOrElsWithProcessing (/opt/homebrew/lib/node_modules/appium/node_modules/@appium/base-driver/lib/basedriver/commands/find.ts:60:12)\nE       at XCUITestDriver.findElement (/opt/homebrew/lib/node_modules/appium/node_modules/@appium/base-driver/lib/basedriver/commands/find.ts:75:12)","flaky":false,"newFailed":false,"newBroken":false,"newPassed":false,"retriesCount":2,"retriesStatusChange":false,"beforeStages":[{"name":"base_url","time":{"start":1754055104996,"stop":1754055104996,"duration":0},"status":"passed","steps":[],"attachments":[],"parameters":[],"shouldDisplayMessage":false,"attachmentsCount":0,"stepsCount":0,"hasContent":false,"attachmentStep":false},{"name":"_verify_url","time":{"start":1754055104996,"stop":1754055104996,"duration":0},"status":"passed","steps":[],"attachments":[],"parameters":[],"shouldDisplayMessage":false,"attachmentsCount":0,"stepsCount":0,"hasContent":false,"attachmentStep":false},{"name":"delete_output_dir","time":{"start":1754055104996,"stop":1754055104996,"duration":0},"status":"passed","steps":[],"attachments":[],"parameters":[],"shouldDisplayMessage":false,"attachmentsCount":0,"stepsCount":0,"hasContent":false,"attachmentStep":false},{"name":"pytestconfig","time":{"start":1754055104996,"stop":1754055104996,"duration":0},"status":"passed","steps":[],"attachments":[],"parameters":[],"shouldDisplayMessage":false,"attachmentsCount":0,"stepsCount":0,"hasContent":false,"attachmentStep":false},{"name":"setup_test_session","time":{"start":1754055104996,"stop":1754055105008,"duration":12},"status":"passed","steps":[],"attachments":[],"parameters":[],"shouldDisplayMessage":false,"attachmentsCount":0,"stepsCount":0,"hasContent":false,"attachmentStep":false},{"name":"setup_and_teardown_test","time":{"start":1754055201199,"stop":1754055201199,"duration":0},"status":"passed","steps":[],"attachments":[],"parameters":[],"shouldDisplayMessage":false,"attachmentsCount":0,"stepsCount":0,"hasContent":false,"attachmentStep":false},{"name":"setup_and_teardown","time":{"start":1754055201199,"stop":1754055206624,"duration":5425},"status":"passed","steps":[],"attachments":[],"parameters":[],"shouldDisplayMessage":false,"attachmentsCount":0,"stepsCount":0,"hasContent":false,"attachmentStep":false}],"afterStages":[{"name":"setup_and_teardown::0","time":{"start":1754055225320,"stop":1754055227779,"duration":2459},"status":"passed","steps":[],"attachments":[],"parameters":[],"shouldDisplayMessage":false,"attachmentsCount":0,"stepsCount":0,"hasContent":false,"attachmentStep":false},{"name":"setup_and_teardown_test::0","time":{"start":1754055227780,"stop":1754055227781,"duration":1},"status":"passed","steps":[],"attachments":[],"parameters":[],"shouldDisplayMessage":false,"attachmentsCount":0,"stepsCount":0,"hasContent":false,"attachmentStep":false},{"name":"setup_test_session::0","time":{"start":1754055269536,"stop":1754055269536,"duration":0},"status":"passed","steps":[],"attachments":[],"parameters":[],"shouldDisplayMessage":false,"attachmentsCount":0,"stepsCount":0,"hasContent":false,"attachmentStep":false}],"labels":[{"name":"feature","value":"2.0.0 Authentication"},{"name":"epic","value":"Mobile App Testing-iOS"},{"name":"story","value":"2.5.0 As a user, I want to be able to log out from the app"},{"name":"severity","value":"blocker"},{"name":"tag","value":"logout"},{"name":"parentSuite","value":"tests.ios"},{"name":"suite","value":"test_2_Authentication_logout"},{"name":"subSuite","value":"TestLogout"},{"name":"host","value":"fqqqqq.local"},{"name":"thread","value":"23764-MainThread"},{"name":"framework","value":"pytest"},{"name":"language","value":"cpython3"},{"name":"package","value":"tests.ios.test_2_Authentication_logout"},{"name":"resultFormat","value":"allure2"}],"parameters":[],"links":[],"hidden":false,"retry":false,"extra":{"severity":"blocker","retries":[{"uid":"f6628cb3b5fd7e84","status":"broken","statusDetails":"selenium.common.exceptions.NoSuchElementException: Message: An element could not be located on the page using the given search parameters.; For documentation on this error, please visit: https://www.selenium.dev/documentation/webdriver/troubleshooting/errors#no-such-element-exception\nStacktrace:\nNoSuchElementError: An element could not be located on the page using the given search parameters.\n    at XCUITestDriver.doNativeFind (/Users/qingqinfang/.appium/node_modules/appium-xcuitest-driver/lib/commands/find.js:143:13)\n    at processTicksAndRejections (node:internal/process/task_queues:105:5)\n    at XCUITestDriver.findNativeElementOrElements (/Users/qingqinfang/.appium/node_modules/appium-xcuitest-driver/lib/commands/find.js:97:12)\n    at XCUITestDriver.findElOrEls (/Users/qingqinfang/.appium/node_modules/appium-xcuitest-driver/lib/commands/find.js:24:14)\n    at XCUITestDriver.findElOrElsWithProcessing (/opt/homebrew/lib/node_modules/appium/node_modules/@appium/base-driver/lib/basedriver/commands/find.ts:60:12)\n    at XCUITestDriver.findElement (/opt/homebrew/lib/node_modules/appium/node_modules/@appium/base-driver/lib/basedriver/commands/find.ts:75:12)","time":{"start":1754055178938,"stop":1754055197691,"duration":18753}},{"uid":"71d5937cff4910e0","status":"broken","statusDetails":"AttributeError: 'PersonInfoPage' object has no attribute 'error_getting_offers_tip'","time":{"start":1754055111699,"stop":1754055169942,"duration":58243}}],"categories":[{"name":"Test defects","matchedStatuses":[]}],"tags":["logout"]},"source":"1258e444c8fc7a1f.json","parameterValues":[]}