{"uid":"2d6eeec6c35663a0","name":"test_NAF_2_2_0_login_with_wrong_email","fullName":"tests.test_2_Authentication.TestLogin#test_NAF_2_2_0_login_with_wrong_email","historyId":"3eb316d7061e1078f3e42cdb906258b6","time":{"start":1752497500246,"stop":1752497519346,"duration":19100},"description":"\n    Test Case: NAF-15\n    As a user, I want to log in with my email and password\n    Scenario: Login Unsuccessful due to Non-existent Email\n    \n    Steps:\n    1. Open the app\n    2. Click on \"Log in\" button\n    3. Click on \"Sign in with your email\" button\n    4. Enter non-existent email: test@example.com\n    5. Enter password: testpassword\n    6. Click \"Log in\" button\n    7. Verify error message appears\n    \n    Expected Result: Error message \"There is no account associated with this email. Please sign up.\" should be displayed\n    ","descriptionHtml":"<pre><code>Test Case: NAF-15\nAs a user, I want to log in with my email and password\nScenario: Login Unsuccessful due to Non-existent Email\n\nSteps:\n1. Open the app\n2. Click on &quot;Log in&quot; button\n3. Click on &quot;Sign in with your email&quot; button\n4. Enter non-existent email: test@example.com\n5. Enter password: testpassword\n6. Click &quot;Log in&quot; button\n7. Verify error message appears\n\nExpected Result: Error message &quot;There is no account associated with this email. Please sign up.&quot; should be displayed\n</code></pre>\n","status":"broken","statusMessage":"selenium.common.exceptions.NoSuchElementException: Message: An element could not be located on the page using the given search parameters.; For documentation on this error, please visit: https://www.selenium.dev/documentation/webdriver/troubleshooting/errors#no-such-element-exception\nStacktrace:\nNoSuchElementError: An element could not be located on the page using the given search parameters.\n    at AndroidUiautomator2Driver.findElOrEls (/Users/qingqinfang/.appium/node_modules/appium-uiautomator2-driver/node_modules/appium-android-driver/lib/commands/find.ts:86:11)\n    at processTicksAndRejections (node:internal/process/task_queues:105:5)\n    at AndroidUiautomator2Driver.findElOrElsWithProcessing (/opt/homebrew/lib/node_modules/appium/node_modules/@appium/base-driver/lib/basedriver/commands/find.ts:60:12)\n    at AndroidUiautomator2Driver.findElement (/opt/homebrew/lib/node_modules/appium/node_modules/@appium/base-driver/lib/basedriver/commands/find.ts:75:12)","statusTrace":"tests/test_2_Authentication.py:155: in test_NAF_2_2_0_login_with_wrong_email\n    raise e\ntests/test_2_Authentication.py:90: in test_NAF_2_2_0_login_with_wrong_email\n    welcome_text1 = driver.find_element(\nvenv/lib/python3.13/site-packages/appium/webdriver/webdriver.py:384: in find_element\n    return self.execute(RemoteCommand.FIND_ELEMENT, {'using': by, 'value': value})['value']\nvenv/lib/python3.13/site-packages/selenium/webdriver/remote/webdriver.py:347: in execute\n    self.error_handler.check_response(response)\nvenv/lib/python3.13/site-packages/appium/webdriver/errorhandler.py:125: in check_response\n    raise exception_class(msg=message, stacktrace=format_stacktrace(stacktrace))\nE   selenium.common.exceptions.NoSuchElementException: Message: An element could not be located on the page using the given search parameters.; For documentation on this error, please visit: https://www.selenium.dev/documentation/webdriver/troubleshooting/errors#no-such-element-exception\nE   Stacktrace:\nE   NoSuchElementError: An element could not be located on the page using the given search parameters.\nE       at AndroidUiautomator2Driver.findElOrEls (/Users/qingqinfang/.appium/node_modules/appium-uiautomator2-driver/node_modules/appium-android-driver/lib/commands/find.ts:86:11)\nE       at processTicksAndRejections (node:internal/process/task_queues:105:5)\nE       at AndroidUiautomator2Driver.findElOrElsWithProcessing (/opt/homebrew/lib/node_modules/appium/node_modules/@appium/base-driver/lib/basedriver/commands/find.ts:60:12)\nE       at AndroidUiautomator2Driver.findElement (/opt/homebrew/lib/node_modules/appium/node_modules/@appium/base-driver/lib/basedriver/commands/find.ts:75:12)","flaky":false,"newFailed":false,"newBroken":false,"newPassed":false,"retriesCount":0,"retriesStatusChange":false,"beforeStages":[{"name":"pytestconfig","time":{"start":1752497470082,"stop":1752497470082,"duration":0},"status":"passed","steps":[],"attachments":[],"parameters":[],"stepsCount":0,"shouldDisplayMessage":false,"attachmentsCount":0,"hasContent":false,"attachmentStep":false},{"name":"base_url","time":{"start":1752497470082,"stop":1752497470082,"duration":0},"status":"passed","steps":[],"attachments":[],"parameters":[],"stepsCount":0,"shouldDisplayMessage":false,"attachmentsCount":0,"hasContent":false,"attachmentStep":false},{"name":"setup_test_session","time":{"start":1752497470082,"stop":1752497470092,"duration":10},"status":"passed","steps":[],"attachments":[],"parameters":[],"stepsCount":0,"shouldDisplayMessage":false,"attachmentsCount":0,"hasContent":false,"attachmentStep":false},{"name":"delete_output_dir","time":{"start":1752497470082,"stop":1752497470082,"duration":0},"status":"passed","steps":[],"attachments":[],"parameters":[],"stepsCount":0,"shouldDisplayMessage":false,"attachmentsCount":0,"hasContent":false,"attachmentStep":false},{"name":"_verify_url","time":{"start":1752497470082,"stop":1752497470082,"duration":0},"status":"passed","steps":[],"attachments":[],"parameters":[],"stepsCount":0,"shouldDisplayMessage":false,"attachmentsCount":0,"hasContent":false,"attachmentStep":false},{"name":"setup_and_teardown","time":{"start":1752497496887,"stop":1752497500243,"duration":3356},"status":"passed","steps":[],"attachments":[],"parameters":[],"stepsCount":0,"shouldDisplayMessage":false,"attachmentsCount":0,"hasContent":false,"attachmentStep":false},{"name":"setup_and_teardown_test","time":{"start":1752497496887,"stop":1752497496887,"duration":0},"status":"passed","steps":[],"attachments":[],"parameters":[],"stepsCount":0,"shouldDisplayMessage":false,"attachmentsCount":0,"hasContent":false,"attachmentStep":false}],"testStage":{"description":"\n    Test Case: NAF-15\n    As a user, I want to log in with my email and password\n    Scenario: Login Unsuccessful due to Non-existent Email\n    \n    Steps:\n    1. Open the app\n    2. Click on \"Log in\" button\n    3. Click on \"Sign in with your email\" button\n    4. Enter non-existent email: test@example.com\n    5. Enter password: testpassword\n    6. Click \"Log in\" button\n    7. Verify error message appears\n    \n    Expected Result: Error message \"There is no account associated with this email. Please sign up.\" should be displayed\n    ","status":"broken","statusMessage":"selenium.common.exceptions.NoSuchElementException: Message: An element could not be located on the page using the given search parameters.; For documentation on this error, please visit: https://www.selenium.dev/documentation/webdriver/troubleshooting/errors#no-such-element-exception\nStacktrace:\nNoSuchElementError: An element could not be located on the page using the given search parameters.\n    at AndroidUiautomator2Driver.findElOrEls (/Users/qingqinfang/.appium/node_modules/appium-uiautomator2-driver/node_modules/appium-android-driver/lib/commands/find.ts:86:11)\n    at processTicksAndRejections (node:internal/process/task_queues:105:5)\n    at AndroidUiautomator2Driver.findElOrElsWithProcessing (/opt/homebrew/lib/node_modules/appium/node_modules/@appium/base-driver/lib/basedriver/commands/find.ts:60:12)\n    at AndroidUiautomator2Driver.findElement (/opt/homebrew/lib/node_modules/appium/node_modules/@appium/base-driver/lib/basedriver/commands/find.ts:75:12)","statusTrace":"tests/test_2_Authentication.py:155: in test_NAF_2_2_0_login_with_wrong_email\n    raise e\ntests/test_2_Authentication.py:90: in test_NAF_2_2_0_login_with_wrong_email\n    welcome_text1 = driver.find_element(\nvenv/lib/python3.13/site-packages/appium/webdriver/webdriver.py:384: in find_element\n    return self.execute(RemoteCommand.FIND_ELEMENT, {'using': by, 'value': value})['value']\nvenv/lib/python3.13/site-packages/selenium/webdriver/remote/webdriver.py:347: in execute\n    self.error_handler.check_response(response)\nvenv/lib/python3.13/site-packages/appium/webdriver/errorhandler.py:125: in check_response\n    raise exception_class(msg=message, stacktrace=format_stacktrace(stacktrace))\nE   selenium.common.exceptions.NoSuchElementException: Message: An element could not be located on the page using the given search parameters.; For documentation on this error, please visit: https://www.selenium.dev/documentation/webdriver/troubleshooting/errors#no-such-element-exception\nE   Stacktrace:\nE   NoSuchElementError: An element could not be located on the page using the given search parameters.\nE       at AndroidUiautomator2Driver.findElOrEls (/Users/qingqinfang/.appium/node_modules/appium-uiautomator2-driver/node_modules/appium-android-driver/lib/commands/find.ts:86:11)\nE       at processTicksAndRejections (node:internal/process/task_queues:105:5)\nE       at AndroidUiautomator2Driver.findElOrElsWithProcessing (/opt/homebrew/lib/node_modules/appium/node_modules/@appium/base-driver/lib/basedriver/commands/find.ts:60:12)\nE       at AndroidUiautomator2Driver.findElement (/opt/homebrew/lib/node_modules/appium/node_modules/@appium/base-driver/lib/basedriver/commands/find.ts:75:12)","steps":[],"attachments":[{"uid":"6b7f32eef2be5b5c","name":"stdout","source":"6b7f32eef2be5b5c.txt","type":"text/plain","size":6090},{"uid":"d6144187a8f33068","name":"stderr","source":"d6144187a8f33068.txt","type":"text/plain","size":255}],"parameters":[],"stepsCount":0,"shouldDisplayMessage":true,"attachmentsCount":2,"hasContent":true,"attachmentStep":false},"afterStages":[{"name":"setup_and_teardown::0","time":{"start":1752497519366,"stop":1752497519858,"duration":492},"status":"passed","steps":[],"attachments":[],"parameters":[],"stepsCount":0,"shouldDisplayMessage":false,"attachmentsCount":0,"hasContent":false,"attachmentStep":false},{"name":"setup_and_teardown_test::0","time":{"start":1752497519859,"stop":1752497519859,"duration":0},"status":"passed","steps":[],"attachments":[],"parameters":[],"stepsCount":0,"shouldDisplayMessage":false,"attachmentsCount":0,"hasContent":false,"attachmentStep":false},{"name":"setup_test_session::0","time":{"start":1752497672887,"stop":1752497672887,"duration":0},"status":"passed","steps":[],"attachments":[],"parameters":[],"stepsCount":0,"shouldDisplayMessage":false,"attachmentsCount":0,"hasContent":false,"attachmentStep":false}],"labels":[{"name":"epic","value":"Mobile App Testing"},{"name":"severity","value":"critical"},{"name":"feature","value":"2.0.0 Authentication"},{"name":"story","value":"2.2.0 As a user, I want to log in with my email and password"},{"name":"tag","value":"login"},{"name":"parentSuite","value":"tests"},{"name":"suite","value":"test_2_Authentication"},{"name":"subSuite","value":"TestLogin"},{"name":"host","value":"fqqqqq.local"},{"name":"thread","value":"40075-MainThread"},{"name":"framework","value":"pytest"},{"name":"language","value":"cpython3"},{"name":"package","value":"tests.test_2_Authentication"},{"name":"resultFormat","value":"allure2"}],"parameters":[],"links":[],"hidden":true,"retry":true,"extra":{"categories":[],"tags":["login"]},"source":"2d6eeec6c35663a0.json","parameterValues":[]}