{"uid":"6cc3276708528f5d","name":"test_NAF_3_4_0_modify_mobile","fullName":"tests.test_3_Account_Setup.TestPersonInformationManagement#test_NAF_3_4_0_modify_mobile","historyId":"85835634f9a30bd30b875d2257744404","time":{"start":1752510344313,"stop":1752510387056,"duration":42743},"description":"\n    Test Case: NAF-60\n    As a registered user I can view and update my profile settings\n    Scenario: Modify Mobile\n    \n    Steps:\n    1. Open the app, assume the user is logged in\n    2. Go to \"My Profile\" button\n    3. Click on \"Edit\" button\n    4. Enter mobile number\n    5. Click on \"Save\" button   \n    ","descriptionHtml":"<pre><code>Test Case: NAF-60\nAs a registered user I can view and update my profile settings\nScenario: Modify Mobile\n\nSteps:\n1. Open the app, assume the user is logged in\n2. Go to &quot;My Profile&quot; button\n3. Click on &quot;Edit&quot; button\n4. Enter mobile number\n5. Click on &quot;Save&quot; button   \n</code></pre>\n","status":"broken","statusMessage":"selenium.common.exceptions.TimeoutException: Message: \nStacktrace:\nNoSuchElementError: An element could not be located on the page using the given search parameters.\n    at AndroidUiautomator2Driver.findElOrEls (/Users/qingqinfang/.appium/node_modules/appium-uiautomator2-driver/node_modules/appium-android-driver/lib/commands/find.ts:86:11)\n    at processTicksAndRejections (node:internal/process/task_queues:105:5)\n    at AndroidUiautomator2Driver.findElOrElsWithProcessing (/opt/homebrew/lib/node_modules/appium/node_modules/@appium/base-driver/lib/basedriver/commands/find.ts:60:12)\n    at AndroidUiautomator2Driver.findElement (/opt/homebrew/lib/node_modules/appium/node_modules/@appium/base-driver/lib/basedriver/commands/find.ts:75:12)","statusTrace":"tests/test_3_Account_Setup.py:246: in test_NAF_3_4_0_modify_mobile\n    perinfo_page.click_personal_info()\npages/personal_infomation_page.py:263: in click_personal_info\n    self.click_element(\ncore/base_page.py:69: in click_element\n    element = wait.until(EC.element_to_be_clickable((By.XPATH, locator_value)))\nvenv/lib/python3.13/site-packages/selenium/webdriver/support/wait.py:101: in until\n    raise TimeoutException(message, screen, stacktrace)\nE   selenium.common.exceptions.TimeoutException: Message: \nE   Stacktrace:\nE   NoSuchElementError: An element could not be located on the page using the given search parameters.\nE       at AndroidUiautomator2Driver.findElOrEls (/Users/qingqinfang/.appium/node_modules/appium-uiautomator2-driver/node_modules/appium-android-driver/lib/commands/find.ts:86:11)\nE       at processTicksAndRejections (node:internal/process/task_queues:105:5)\nE       at AndroidUiautomator2Driver.findElOrElsWithProcessing (/opt/homebrew/lib/node_modules/appium/node_modules/@appium/base-driver/lib/basedriver/commands/find.ts:60:12)\nE       at AndroidUiautomator2Driver.findElement (/opt/homebrew/lib/node_modules/appium/node_modules/@appium/base-driver/lib/basedriver/commands/find.ts:75:12)","flaky":false,"newFailed":false,"newBroken":false,"newPassed":false,"retriesCount":0,"retriesStatusChange":false,"beforeStages":[{"name":"pytestconfig","time":{"start":1752510066606,"stop":1752510066606,"duration":0},"status":"passed","steps":[],"attachments":[],"parameters":[],"stepsCount":0,"shouldDisplayMessage":false,"attachmentsCount":0,"hasContent":false,"attachmentStep":false},{"name":"delete_output_dir","time":{"start":1752510066606,"stop":1752510066606,"duration":0},"status":"passed","steps":[],"attachments":[],"parameters":[],"stepsCount":0,"shouldDisplayMessage":false,"attachmentsCount":0,"hasContent":false,"attachmentStep":false},{"name":"base_url","time":{"start":1752510066606,"stop":1752510066606,"duration":0},"status":"passed","steps":[],"attachments":[],"parameters":[],"stepsCount":0,"shouldDisplayMessage":false,"attachmentsCount":0,"hasContent":false,"attachmentStep":false},{"name":"_verify_url","time":{"start":1752510066606,"stop":1752510066606,"duration":0},"status":"passed","steps":[],"attachments":[],"parameters":[],"stepsCount":0,"shouldDisplayMessage":false,"attachmentsCount":0,"hasContent":false,"attachmentStep":false},{"name":"setup_test_session","time":{"start":1752510066606,"stop":1752510066615,"duration":9},"status":"passed","steps":[],"attachments":[],"parameters":[],"stepsCount":0,"shouldDisplayMessage":false,"attachmentsCount":0,"hasContent":false,"attachmentStep":false},{"name":"setup_and_teardown","time":{"start":1752510340923,"stop":1752510344312,"duration":3389},"status":"passed","steps":[],"attachments":[],"parameters":[],"stepsCount":0,"shouldDisplayMessage":false,"attachmentsCount":0,"hasContent":false,"attachmentStep":false},{"name":"setup_and_teardown_test","time":{"start":1752510340923,"stop":1752510340923,"duration":0},"status":"passed","steps":[],"attachments":[],"parameters":[],"stepsCount":0,"shouldDisplayMessage":false,"attachmentsCount":0,"hasContent":false,"attachmentStep":false}],"testStage":{"description":"\n    Test Case: NAF-60\n    As a registered user I can view and update my profile settings\n    Scenario: Modify Mobile\n    \n    Steps:\n    1. Open the app, assume the user is logged in\n    2. Go to \"My Profile\" button\n    3. Click on \"Edit\" button\n    4. Enter mobile number\n    5. Click on \"Save\" button   \n    ","status":"broken","statusMessage":"selenium.common.exceptions.TimeoutException: Message: \nStacktrace:\nNoSuchElementError: An element could not be located on the page using the given search parameters.\n    at AndroidUiautomator2Driver.findElOrEls (/Users/qingqinfang/.appium/node_modules/appium-uiautomator2-driver/node_modules/appium-android-driver/lib/commands/find.ts:86:11)\n    at processTicksAndRejections (node:internal/process/task_queues:105:5)\n    at AndroidUiautomator2Driver.findElOrElsWithProcessing (/opt/homebrew/lib/node_modules/appium/node_modules/@appium/base-driver/lib/basedriver/commands/find.ts:60:12)\n    at AndroidUiautomator2Driver.findElement (/opt/homebrew/lib/node_modules/appium/node_modules/@appium/base-driver/lib/basedriver/commands/find.ts:75:12)","statusTrace":"tests/test_3_Account_Setup.py:246: in test_NAF_3_4_0_modify_mobile\n    perinfo_page.click_personal_info()\npages/personal_infomation_page.py:263: in click_personal_info\n    self.click_element(\ncore/base_page.py:69: in click_element\n    element = wait.until(EC.element_to_be_clickable((By.XPATH, locator_value)))\nvenv/lib/python3.13/site-packages/selenium/webdriver/support/wait.py:101: in until\n    raise TimeoutException(message, screen, stacktrace)\nE   selenium.common.exceptions.TimeoutException: Message: \nE   Stacktrace:\nE   NoSuchElementError: An element could not be located on the page using the given search parameters.\nE       at AndroidUiautomator2Driver.findElOrEls (/Users/qingqinfang/.appium/node_modules/appium-uiautomator2-driver/node_modules/appium-android-driver/lib/commands/find.ts:86:11)\nE       at processTicksAndRejections (node:internal/process/task_queues:105:5)\nE       at AndroidUiautomator2Driver.findElOrElsWithProcessing (/opt/homebrew/lib/node_modules/appium/node_modules/@appium/base-driver/lib/basedriver/commands/find.ts:60:12)\nE       at AndroidUiautomator2Driver.findElement (/opt/homebrew/lib/node_modules/appium/node_modules/@appium/base-driver/lib/basedriver/commands/find.ts:75:12)","steps":[],"attachments":[{"uid":"442375c4440cc285","name":"stdout","source":"442375c4440cc285.txt","type":"text/plain","size":7756}],"parameters":[],"stepsCount":0,"shouldDisplayMessage":true,"attachmentsCount":1,"hasContent":true,"attachmentStep":false},"afterStages":[{"name":"setup_and_teardown::0","time":{"start":1752510387086,"stop":1752510387522,"duration":436},"status":"passed","steps":[],"attachments":[],"parameters":[],"stepsCount":0,"shouldDisplayMessage":false,"attachmentsCount":0,"hasContent":false,"attachmentStep":false},{"name":"setup_and_teardown_test::0","time":{"start":1752510387524,"stop":1752510387524,"duration":0},"status":"passed","steps":[],"attachments":[],"parameters":[],"stepsCount":0,"shouldDisplayMessage":false,"attachmentsCount":0,"hasContent":false,"attachmentStep":false},{"name":"setup_test_session::0","time":{"start":1752510510465,"stop":1752510510466,"duration":1},"status":"passed","steps":[],"attachments":[],"parameters":[],"stepsCount":0,"shouldDisplayMessage":false,"attachmentsCount":0,"hasContent":false,"attachmentStep":false}],"labels":[{"name":"story","value":"3.4.0 As a registered user I can view and update my profile settings"},{"name":"epic","value":"Mobile App Testing"},{"name":"severity","value":"blocker"},{"name":"feature","value":"3.0.0 Account Setup"},{"name":"tag","value":"login"},{"name":"tag","value":"personal"},{"name":"parentSuite","value":"tests"},{"name":"suite","value":"test_3_Account_Setup"},{"name":"subSuite","value":"TestPersonInformationManagement"},{"name":"host","value":"fqqqqq.local"},{"name":"thread","value":"60773-MainThread"},{"name":"framework","value":"pytest"},{"name":"language","value":"cpython3"},{"name":"package","value":"tests.test_3_Account_Setup"},{"name":"resultFormat","value":"allure2"}],"parameters":[],"links":[],"hidden":true,"retry":true,"extra":{"categories":[],"tags":["personal","login"]},"source":"6cc3276708528f5d.json","parameterValues":[]}