{"uid":"da5bcf9bddb9cb3d","name":"test_NAF_3_2_0_update_bio","fullName":"tests.android.test_3_Account_Setup.TestPersonInformationManagement#test_NAF_3_2_0_update_bio","historyId":"41210ad976be05b8752baa3bddf98ab9","time":{"start":1753410799832,"stop":1753410904674,"duration":104842},"description":"\n    Test Case: NAF-37, NAF-39\n    As a registered user I can view and update my bio\n    Scenario: Update Bio\n    \n    Steps:\n    1. Open the app, assume the user is logged in\n    2. Go to \"My Profile\" button\n    3. Click on \"Edit\" button\n    4. Enter bio content\n    5. Click on \"Save\" button\n    6. Verify bio content is updated\n    \n    Expected Result: Bio content is updated\n    ","descriptionHtml":"<pre><code>Test Case: NAF-37, NAF-39\nAs a registered user I can view and update my bio\nScenario: Update Bio\n\nSteps:\n1. Open the app, assume the user is logged in\n2. Go to &quot;My Profile&quot; button\n3. Click on &quot;Edit&quot; button\n4. Enter bio content\n5. Click on &quot;Save&quot; button\n6. Verify bio content is updated\n\nExpected Result: Bio content is updated\n</code></pre>\n","status":"broken","statusMessage":"selenium.common.exceptions.TimeoutException: Message: \nStacktrace:\nNoSuchElementError: An element could not be located on the page using the given search parameters.\n    at AndroidUiautomator2Driver.findElOrEls (/Users/qingqinfang/.appium/node_modules/appium-uiautomator2-driver/node_modules/appium-android-driver/lib/commands/find.ts:86:11)\n    at processTicksAndRejections (node:internal/process/task_queues:105:5)\n    at AndroidUiautomator2Driver.findElOrElsWithProcessing (/opt/homebrew/lib/node_modules/appium/node_modules/@appium/base-driver/lib/basedriver/commands/find.ts:60:12)\n    at AndroidUiautomator2Driver.findElement (/opt/homebrew/lib/node_modules/appium/node_modules/@appium/base-driver/lib/basedriver/commands/find.ts:75:12)","statusTrace":"tests/android/test_3_Account_Setup.py:94: in test_NAF_3_2_0_update_bio\n    perinfo_page.click_user_profile()\npages/android/personal_infomation_page.py:76: in click_user_profile\n    success = self.safe_click_with_retry(*self.USER_PROFILE_LOCATOR, max_retries=3)\ncore/base_page.py:289: in safe_click_with_retry\n    raise e\ncore/base_page.py:264: in safe_click_with_retry\n    self.click_element(locator_type, locator_value, timeout)\ncore/base_page.py:64: in click_element\n    element = self.find_element(locator_type, locator_value, timeout)\ncore/base_page.py:24: in find_element\n    element = wait.until(EC.presence_of_element_located((By.XPATH, locator_value)))\nvenv/lib/python3.13/site-packages/selenium/webdriver/support/wait.py:101: in until\n    raise TimeoutException(message, screen, stacktrace)\nE   selenium.common.exceptions.TimeoutException: Message: \nE   Stacktrace:\nE   NoSuchElementError: An element could not be located on the page using the given search parameters.\nE       at AndroidUiautomator2Driver.findElOrEls (/Users/qingqinfang/.appium/node_modules/appium-uiautomator2-driver/node_modules/appium-android-driver/lib/commands/find.ts:86:11)\nE       at processTicksAndRejections (node:internal/process/task_queues:105:5)\nE       at AndroidUiautomator2Driver.findElOrElsWithProcessing (/opt/homebrew/lib/node_modules/appium/node_modules/@appium/base-driver/lib/basedriver/commands/find.ts:60:12)\nE       at AndroidUiautomator2Driver.findElement (/opt/homebrew/lib/node_modules/appium/node_modules/@appium/base-driver/lib/basedriver/commands/find.ts:75:12)","flaky":false,"newFailed":false,"newBroken":false,"newPassed":false,"retriesCount":2,"retriesStatusChange":false,"beforeStages":[{"name":"delete_output_dir","time":{"start":1753410567611,"stop":1753410567611,"duration":0},"status":"passed","steps":[],"attachments":[],"parameters":[],"stepsCount":0,"shouldDisplayMessage":false,"attachmentsCount":0,"hasContent":false,"attachmentStep":false},{"name":"setup_test_session","time":{"start":1753410567611,"stop":1753410567622,"duration":11},"status":"passed","steps":[],"attachments":[],"parameters":[],"stepsCount":0,"shouldDisplayMessage":false,"attachmentsCount":0,"hasContent":false,"attachmentStep":false},{"name":"base_url","time":{"start":1753410567611,"stop":1753410567611,"duration":0},"status":"passed","steps":[],"attachments":[],"parameters":[],"stepsCount":0,"shouldDisplayMessage":false,"attachmentsCount":0,"hasContent":false,"attachmentStep":false},{"name":"pytestconfig","time":{"start":1753410567611,"stop":1753410567611,"duration":0},"status":"passed","steps":[],"attachments":[],"parameters":[],"stepsCount":0,"shouldDisplayMessage":false,"attachmentsCount":0,"hasContent":false,"attachmentStep":false},{"name":"_verify_url","time":{"start":1753410567611,"stop":1753410567611,"duration":0},"status":"passed","steps":[],"attachments":[],"parameters":[],"stepsCount":0,"shouldDisplayMessage":false,"attachmentsCount":0,"hasContent":false,"attachmentStep":false},{"name":"setup_and_teardown_test","time":{"start":1753410794478,"stop":1753410794478,"duration":0},"status":"passed","steps":[],"attachments":[],"parameters":[],"stepsCount":0,"shouldDisplayMessage":false,"attachmentsCount":0,"hasContent":false,"attachmentStep":false},{"name":"setup_and_teardown","time":{"start":1753410794479,"stop":1753410799832,"duration":5353},"status":"passed","steps":[],"attachments":[],"parameters":[],"stepsCount":0,"shouldDisplayMessage":false,"attachmentsCount":0,"hasContent":false,"attachmentStep":false}],"afterStages":[{"name":"setup_and_teardown::0","time":{"start":1753410904712,"stop":1753410905213,"duration":501},"status":"passed","steps":[],"attachments":[],"parameters":[],"stepsCount":0,"shouldDisplayMessage":false,"attachmentsCount":0,"hasContent":false,"attachmentStep":false},{"name":"setup_and_teardown_test::0","time":{"start":1753410905214,"stop":1753410905214,"duration":0},"status":"passed","steps":[],"attachments":[],"parameters":[],"stepsCount":0,"shouldDisplayMessage":false,"attachmentsCount":0,"hasContent":false,"attachmentStep":false},{"name":"setup_test_session::0","time":{"start":1753410905874,"stop":1753410905874,"duration":0},"status":"passed","steps":[],"attachments":[],"parameters":[],"stepsCount":0,"shouldDisplayMessage":false,"attachmentsCount":0,"hasContent":false,"attachmentStep":false}],"labels":[{"name":"feature","value":"3.0.0 Account Setup"},{"name":"epic","value":"Mobile App Testing"},{"name":"severity","value":"blocker"},{"name":"story","value":"3.2.0 As a registered user I can view and update my bio"},{"name":"tag","value":"login"},{"name":"tag","value":"personal"},{"name":"parentSuite","value":"tests.android"},{"name":"suite","value":"test_3_Account_Setup"},{"name":"subSuite","value":"TestPersonInformationManagement"},{"name":"host","value":"fqqqqq.local"},{"name":"thread","value":"38624-MainThread"},{"name":"framework","value":"pytest"},{"name":"language","value":"cpython3"},{"name":"package","value":"tests.android.test_3_Account_Setup"},{"name":"resultFormat","value":"allure2"}],"parameters":[],"links":[],"hidden":false,"retry":false,"extra":{"severity":"blocker","retries":[{"uid":"cb6da4a152a280c8","status":"broken","statusDetails":"selenium.common.exceptions.TimeoutException: Message: \nStacktrace:\nNoSuchElementError: An element could not be located on the page using the given search parameters.\n    at AndroidUiautomator2Driver.findElOrEls (/Users/qingqinfang/.appium/node_modules/appium-uiautomator2-driver/node_modules/appium-android-driver/lib/commands/find.ts:86:11)\n    at processTicksAndRejections (node:internal/process/task_queues:105:5)\n    at AndroidUiautomator2Driver.findElOrElsWithProcessing (/opt/homebrew/lib/node_modules/appium/node_modules/@appium/base-driver/lib/basedriver/commands/find.ts:60:12)\n    at AndroidUiautomator2Driver.findElement (/opt/homebrew/lib/node_modules/appium/node_modules/@appium/base-driver/lib/basedriver/commands/find.ts:75:12)","time":{"start":1753410688156,"stop":1753410792919,"duration":104763}},{"uid":"f93d13de5e76d42d","status":"broken","statusDetails":"selenium.common.exceptions.TimeoutException: Message: \nStacktrace:\nNoSuchElementError: An element could not be located on the page using the given search parameters.\n    at AndroidUiautomator2Driver.findElOrEls (/Users/qingqinfang/.appium/node_modules/appium-uiautomator2-driver/node_modules/appium-android-driver/lib/commands/find.ts:86:11)\n    at processTicksAndRejections (node:internal/process/task_queues:105:5)\n    at AndroidUiautomator2Driver.findElOrElsWithProcessing (/opt/homebrew/lib/node_modules/appium/node_modules/@appium/base-driver/lib/basedriver/commands/find.ts:60:12)\n    at AndroidUiautomator2Driver.findElement (/opt/homebrew/lib/node_modules/appium/node_modules/@appium/base-driver/lib/basedriver/commands/find.ts:75:12)","time":{"start":1753410576450,"stop":1753410681231,"duration":104781}}],"categories":[{"name":"Test defects","matchedStatuses":[]}],"tags":["personal","login"]},"source":"da5bcf9bddb9cb3d.json","parameterValues":[]}