2025-07-15 01:24:53 | INFO     | natal_mobile_auto.conftest:pytest_runtest_setup:99 - Starting test: test_NAF_3_4_0_modify_mobile
2025-07-15 01:24:53 | INFO     | natal_mobile_auto.conftest:setup_and_teardown_test:60 - Setting up test function
2025-07-15 01:24:53 | INFO     | natal_mobile_auto.tests.test_3_Account_Setup:setup_and_teardown:29 - Setting up test environment with app restart
2025-07-15 01:24:53 | INFO     | core.driver_manager:restart_app:103 - App restarted successfully
2025-07-15 01:24:53 | INFO     | natal_mobile_auto.tests.test_3_Account_Setup:setup_and_teardown:37 - App restarted successfully
2025-07-15 01:24:56 | INFO     | natal_mobile_auto.tests.test_3_Account_Setup:setup_and_teardown:48 - Test environment setup completed
2025-07-15 01:25:04 | INFO     | core.base_page:click_element:87 - Clicked element: xpath=//android.widget.TextView[@text='Programs']/preceding-sibling::android.view.ViewGroup
2025-07-15 01:25:04 | INFO     | pages.personal_infomation_page:click_user_profile:66 - Clicked the user profile avator
2025-07-15 01:25:04 | INFO     | natal_mobile_auto.tests.test_3_Account_Setup:test_NAF_3_4_0_modify_mobile:244 - Enter user profile
2025-07-15 01:25:07 | INFO     | core.base_page:click_element:87 - Clicked element: id=android:id/button1
2025-07-15 01:25:07 | INFO     | pages.personal_infomation_page:error_getting_offers_tip:78 - Clicked the error getting offers tips ok button, should not happen in real phone
2025-07-15 01:25:07 | INFO     | core.base_page:swipe:173 - 设备的尺寸为{'width': 1080, 'height': 2340}
2025-07-15 01:25:39 | ERROR    | core.base_page:click_element:89 - Failed to click element: xpath=//android.view.ViewGroup[@content-desc="Personal Info"], Error: Message: 
Stacktrace:
NoSuchElementError: An element could not be located on the page using the given search parameters.
    at AndroidUiautomator2Driver.findElOrEls (/Users/qingqinfang/.appium/node_modules/appium-uiautomator2-driver/node_modules/appium-android-driver/lib/commands/find.ts:86:11)
    at processTicksAndRejections (node:internal/process/task_queues:105:5)
    at AndroidUiautomator2Driver.findElOrElsWithProcessing (/opt/homebrew/lib/node_modules/appium/node_modules/@appium/base-driver/lib/basedriver/commands/find.ts:60:12)
    at AndroidUiautomator2Driver.findElement (/opt/homebrew/lib/node_modules/appium/node_modules/@appium/base-driver/lib/basedriver/commands/find.ts:75:12)
2025-07-15 01:25:39 | ERROR    | pages.personal_infomation_page:click_personal_info:269 - Failed to Click the personal_info: Message: 
Stacktrace:
NoSuchElementError: An element could not be located on the page using the given search parameters.
    at AndroidUiautomator2Driver.findElOrEls (/Users/qingqinfang/.appium/node_modules/appium-uiautomator2-driver/node_modules/appium-android-driver/lib/commands/find.ts:86:11)
    at processTicksAndRejections (node:internal/process/task_queues:105:5)
    at AndroidUiautomator2Driver.findElOrElsWithProcessing (/opt/homebrew/lib/node_modules/appium/node_modules/@appium/base-driver/lib/basedriver/commands/find.ts:60:12)
    at AndroidUiautomator2Driver.findElement (/opt/homebrew/lib/node_modules/appium/node_modules/@appium/base-driver/lib/basedriver/commands/find.ts:75:12)
2025-07-15 01:25:39 | INFO     | natal_mobile_auto.conftest:pytest_runtest_teardown:104 - Completed test: test_NAF_3_4_0_modify_mobile
2025-07-15 01:25:39 | INFO     | natal_mobile_auto.tests.test_3_Account_Setup:setup_and_teardown:53 - Test completed, taking screenshot
2025-07-15 01:25:39 | INFO     | core.driver_manager:restart_app:103 - App restarted successfully
2025-07-15 01:25:39 | INFO     | natal_mobile_auto.tests.test_3_Account_Setup:setup_and_teardown:63 - App restarted after test completion
2025-07-15 01:25:39 | INFO     | natal_mobile_auto.conftest:setup_and_teardown_test:64 - Tearing down test function
2025-07-15 01:25:40 | INFO     | natal_mobile_auto.conftest:pytest_runtest_setup:99 - Starting test: test_NAF_3_4_0_modify_mobile
2025-07-15 01:25:40 | INFO     | natal_mobile_auto.conftest:setup_and_teardown_test:60 - Setting up test function
2025-07-15 01:25:40 | INFO     | natal_mobile_auto.tests.test_3_Account_Setup:setup_and_teardown:29 - Setting up test environment with app restart
2025-07-15 01:25:41 | INFO     | core.driver_manager:restart_app:103 - App restarted successfully
2025-07-15 01:25:41 | INFO     | natal_mobile_auto.tests.test_3_Account_Setup:setup_and_teardown:37 - App restarted successfully
2025-07-15 01:25:44 | INFO     | natal_mobile_auto.tests.test_3_Account_Setup:setup_and_teardown:48 - Test environment setup completed
2025-07-15 01:25:52 | INFO     | core.base_page:click_element:87 - Clicked element: xpath=//android.widget.TextView[@text='Programs']/preceding-sibling::android.view.ViewGroup
2025-07-15 01:25:52 | INFO     | pages.personal_infomation_page:click_user_profile:66 - Clicked the user profile avator
2025-07-15 01:25:52 | INFO     | natal_mobile_auto.tests.test_3_Account_Setup:test_NAF_3_4_0_modify_mobile:244 - Enter user profile
2025-07-15 01:25:54 | INFO     | core.base_page:click_element:87 - Clicked element: id=android:id/button1
2025-07-15 01:25:54 | INFO     | pages.personal_infomation_page:error_getting_offers_tip:78 - Clicked the error getting offers tips ok button, should not happen in real phone
2025-07-15 01:25:54 | INFO     | core.base_page:swipe:173 - 设备的尺寸为{'width': 1080, 'height': 2340}
2025-07-15 01:26:27 | ERROR    | core.base_page:click_element:89 - Failed to click element: xpath=//android.view.ViewGroup[@content-desc="Personal Info"], Error: Message: 
Stacktrace:
NoSuchElementError: An element could not be located on the page using the given search parameters.
    at AndroidUiautomator2Driver.findElOrEls (/Users/qingqinfang/.appium/node_modules/appium-uiautomator2-driver/node_modules/appium-android-driver/lib/commands/find.ts:86:11)
    at processTicksAndRejections (node:internal/process/task_queues:105:5)
    at AndroidUiautomator2Driver.findElOrElsWithProcessing (/opt/homebrew/lib/node_modules/appium/node_modules/@appium/base-driver/lib/basedriver/commands/find.ts:60:12)
    at AndroidUiautomator2Driver.findElement (/opt/homebrew/lib/node_modules/appium/node_modules/@appium/base-driver/lib/basedriver/commands/find.ts:75:12)
2025-07-15 01:26:27 | ERROR    | pages.personal_infomation_page:click_personal_info:269 - Failed to Click the personal_info: Message: 
Stacktrace:
NoSuchElementError: An element could not be located on the page using the given search parameters.
    at AndroidUiautomator2Driver.findElOrEls (/Users/qingqinfang/.appium/node_modules/appium-uiautomator2-driver/node_modules/appium-android-driver/lib/commands/find.ts:86:11)
    at processTicksAndRejections (node:internal/process/task_queues:105:5)
    at AndroidUiautomator2Driver.findElOrElsWithProcessing (/opt/homebrew/lib/node_modules/appium/node_modules/@appium/base-driver/lib/basedriver/commands/find.ts:60:12)
    at AndroidUiautomator2Driver.findElement (/opt/homebrew/lib/node_modules/appium/node_modules/@appium/base-driver/lib/basedriver/commands/find.ts:75:12)
2025-07-15 01:26:27 | INFO     | natal_mobile_auto.conftest:pytest_runtest_teardown:104 - Completed test: test_NAF_3_4_0_modify_mobile
2025-07-15 01:26:27 | INFO     | natal_mobile_auto.tests.test_3_Account_Setup:setup_and_teardown:53 - Test completed, taking screenshot
2025-07-15 01:26:27 | INFO     | core.driver_manager:restart_app:103 - App restarted successfully
2025-07-15 01:26:27 | INFO     | natal_mobile_auto.tests.test_3_Account_Setup:setup_and_teardown:63 - App restarted after test completion
2025-07-15 01:26:27 | INFO     | natal_mobile_auto.conftest:setup_and_teardown_test:64 - Tearing down test function
2025-07-15 01:26:28 | INFO     | natal_mobile_auto.conftest:pytest_runtest_setup:99 - Starting test: test_NAF_3_4_0_modify_mobile
2025-07-15 01:26:28 | INFO     | natal_mobile_auto.conftest:setup_and_teardown_test:60 - Setting up test function
2025-07-15 01:26:28 | INFO     | natal_mobile_auto.tests.test_3_Account_Setup:setup_and_teardown:29 - Setting up test environment with app restart
2025-07-15 01:26:28 | INFO     | core.driver_manager:restart_app:103 - App restarted successfully
2025-07-15 01:26:28 | INFO     | natal_mobile_auto.tests.test_3_Account_Setup:setup_and_teardown:37 - App restarted successfully
2025-07-15 01:26:31 | INFO     | natal_mobile_auto.tests.test_3_Account_Setup:setup_and_teardown:48 - Test environment setup completed
2025-07-15 01:26:39 | INFO     | core.base_page:click_element:87 - Clicked element: xpath=//android.widget.TextView[@text='Programs']/preceding-sibling::android.view.ViewGroup
2025-07-15 01:26:39 | INFO     | pages.personal_infomation_page:click_user_profile:66 - Clicked the user profile avator
2025-07-15 01:26:39 | INFO     | natal_mobile_auto.tests.test_3_Account_Setup:test_NAF_3_4_0_modify_mobile:244 - Enter user profile
2025-07-15 01:26:41 | INFO     | core.base_page:click_element:87 - Clicked element: id=android:id/button1
2025-07-15 01:26:41 | INFO     | pages.personal_infomation_page:error_getting_offers_tip:78 - Clicked the error getting offers tips ok button, should not happen in real phone
2025-07-15 01:26:41 | INFO     | core.base_page:swipe:173 - 设备的尺寸为{'width': 1080, 'height': 2340}
2025-07-15 01:27:14 | ERROR    | core.base_page:click_element:89 - Failed to click element: xpath=//android.view.ViewGroup[@content-desc="Personal Info"], Error: Message: The element 'By.xpath: //android.view.ViewGroup[@content-desc="Personal Info"]' does not exist in DOM anymore; For documentation on this error, please visit: https://www.selenium.dev/documentation/webdriver/troubleshooting/errors#stale-element-reference-exception
Stacktrace:
io.appium.uiautomator2.common.exceptions.StaleElementReferenceException: The element 'By.xpath: //android.view.ViewGroup[@content-desc="Personal Info"]' does not exist in DOM anymore
	at io.appium.uiautomator2.model.ElementsCache.restore(ElementsCache.java:117)
	at io.appium.uiautomator2.model.ElementsCache.get(ElementsCache.java:153)
	at io.appium.uiautomator2.handler.GetElementAttribute.safeHandle(GetElementAttribute.java:23)
	at io.appium.uiautomator2.handler.request.SafeRequestHandler.handle(SafeRequestHandler.java:59)
	at io.appium.uiautomator2.server.AppiumServlet.handleRequest(AppiumServlet.java:259)
	at io.appium.uiautomator2.server.AppiumServlet.handleHttpRequest(AppiumServlet.java:253)
	at io.appium.uiautomator2.http.ServerHandler.channelRead(ServerHandler.java:77)
	at io.netty.channel.AbstractChannelHandlerContext.invokeChannelRead(AbstractChannelHandlerContext.java:374)
	at io.netty.channel.AbstractChannelHandlerContext.invokeChannelRead(AbstractChannelHandlerContext.java:360)
	at io.netty.channel.AbstractChannelHandlerContext.fireChannelRead(AbstractChannelHandlerContext.java:352)
	at io.netty.handler.codec.MessageToMessageDecoder.channelRead(MessageToMessageDecoder.java:102)
	at io.netty.channel.AbstractChannelHandlerContext.invokeChannelRead(AbstractChannelHandlerContext.java:374)
	at io.netty.channel.AbstractChannelHandlerContext.invokeChannelRead(AbstractChannelHandlerContext.java:360)
	at io.netty.channel.AbstractChannelHandlerContext.fireChannelRead(AbstractChannelHandlerContext.java:352)
	at io.netty.channel.CombinedChannelDuplexHandler$DelegatingChannelHandlerContext.fireChannelRead(CombinedChannelDuplexHandler.java:438)
	at io.netty.handler.codec.ByteToMessageDecoder.fireChannelRead(ByteToMessageDecoder.java:328)
	at io.netty.handler.codec.ByteToMessageDecoder.channelRead(ByteToMessageDecoder.java:302)
	at io.netty.channel.CombinedChannelDuplexHandler.channelRead(CombinedChannelDuplexHandler.java:253)
	at io.netty.channel.AbstractChannelHandlerContext.invokeChannelRead(AbstractChannelHandlerContext.java:374)
	at io.netty.channel.AbstractChannelHandlerContext.invokeChannelRead(AbstractChannelHandlerContext.java:360)
	at io.netty.channel.AbstractChannelHandlerContext.fireChannelRead(AbstractChannelHandlerContext.java:352)
	at io.netty.handler.timeout.IdleStateHandler.channelRead(IdleStateHandler.java:287)
	at io.netty.channel.AbstractChannelHandlerContext.invokeChannelRead(AbstractChannelHandlerContext.java:374)
	at io.netty.channel.AbstractChannelHandlerContext.invokeChannelRead(AbstractChannelHandlerContext.java:360)
	at io.netty.channel.AbstractChannelHandlerContext.fireChannelRead(AbstractChannelHandlerContext.java:352)
	at io.netty.channel.DefaultChannelPipeline$HeadContext.channelRead(DefaultChannelPipeline.java:1422)
	at io.netty.channel.AbstractChannelHandlerContext.invokeChannelRead(AbstractChannelHandlerContext.java:374)
	at io.netty.channel.AbstractChannelHandlerContext.invokeChannelRead(AbstractChannelHandlerContext.java:360)
	at io.netty.channel.DefaultChannelPipeline.fireChannelRead(DefaultChannelPipeline.java:931)
	at io.netty.channel.nio.AbstractNioByteChannel$NioByteUnsafe.read(AbstractNioByteChannel.java:163)
	at io.netty.channel.nio.NioEventLoop.processSelectedKey(NioEventLoop.java:700)
	at io.netty.channel.nio.NioEventLoop.processSelectedKeysOptimized(NioEventLoop.java:635)
	at io.netty.channel.nio.NioEventLoop.processSelectedKeys(NioEventLoop.java:552)
	at io.netty.channel.nio.NioEventLoop.run(NioEventLoop.java:514)
	at io.netty.util.concurrent.SingleThreadEventExecutor$6.run(SingleThreadEventExecutor.java:1044)
	at io.netty.util.internal.ThreadExecutorMap$2.run(ThreadExecutorMap.java:74)
	at io.netty.util.concurrent.FastThreadLocalRunnable.run(FastThreadLocalRunnable.java:30)
	at java.lang.Thread.run(Thread.java:1012)

2025-07-15 01:27:14 | ERROR    | pages.personal_infomation_page:click_personal_info:269 - Failed to Click the personal_info: Message: The element 'By.xpath: //android.view.ViewGroup[@content-desc="Personal Info"]' does not exist in DOM anymore; For documentation on this error, please visit: https://www.selenium.dev/documentation/webdriver/troubleshooting/errors#stale-element-reference-exception
Stacktrace:
io.appium.uiautomator2.common.exceptions.StaleElementReferenceException: The element 'By.xpath: //android.view.ViewGroup[@content-desc="Personal Info"]' does not exist in DOM anymore
	at io.appium.uiautomator2.model.ElementsCache.restore(ElementsCache.java:117)
	at io.appium.uiautomator2.model.ElementsCache.get(ElementsCache.java:153)
	at io.appium.uiautomator2.handler.GetElementAttribute.safeHandle(GetElementAttribute.java:23)
	at io.appium.uiautomator2.handler.request.SafeRequestHandler.handle(SafeRequestHandler.java:59)
	at io.appium.uiautomator2.server.AppiumServlet.handleRequest(AppiumServlet.java:259)
	at io.appium.uiautomator2.server.AppiumServlet.handleHttpRequest(AppiumServlet.java:253)
	at io.appium.uiautomator2.http.ServerHandler.channelRead(ServerHandler.java:77)
	at io.netty.channel.AbstractChannelHandlerContext.invokeChannelRead(AbstractChannelHandlerContext.java:374)
	at io.netty.channel.AbstractChannelHandlerContext.invokeChannelRead(AbstractChannelHandlerContext.java:360)
	at io.netty.channel.AbstractChannelHandlerContext.fireChannelRead(AbstractChannelHandlerContext.java:352)
	at io.netty.handler.codec.MessageToMessageDecoder.channelRead(MessageToMessageDecoder.java:102)
	at io.netty.channel.AbstractChannelHandlerContext.invokeChannelRead(AbstractChannelHandlerContext.java:374)
	at io.netty.channel.AbstractChannelHandlerContext.invokeChannelRead(AbstractChannelHandlerContext.java:360)
	at io.netty.channel.AbstractChannelHandlerContext.fireChannelRead(AbstractChannelHandlerContext.java:352)
	at io.netty.channel.CombinedChannelDuplexHandler$DelegatingChannelHandlerContext.fireChannelRead(CombinedChannelDuplexHandler.java:438)
	at io.netty.handler.codec.ByteToMessageDecoder.fireChannelRead(ByteToMessageDecoder.java:328)
	at io.netty.handler.codec.ByteToMessageDecoder.channelRead(ByteToMessageDecoder.java:302)
	at io.netty.channel.CombinedChannelDuplexHandler.channelRead(CombinedChannelDuplexHandler.java:253)
	at io.netty.channel.AbstractChannelHandlerContext.invokeChannelRead(AbstractChannelHandlerContext.java:374)
	at io.netty.channel.AbstractChannelHandlerContext.invokeChannelRead(AbstractChannelHandlerContext.java:360)
	at io.netty.channel.AbstractChannelHandlerContext.fireChannelRead(AbstractChannelHandlerContext.java:352)
	at io.netty.handler.timeout.IdleStateHandler.channelRead(IdleStateHandler.java:287)
	at io.netty.channel.AbstractChannelHandlerContext.invokeChannelRead(AbstractChannelHandlerContext.java:374)
	at io.netty.channel.AbstractChannelHandlerContext.invokeChannelRead(AbstractChannelHandlerContext.java:360)
	at io.netty.channel.AbstractChannelHandlerContext.fireChannelRead(AbstractChannelHandlerContext.java:352)
	at io.netty.channel.DefaultChannelPipeline$HeadContext.channelRead(DefaultChannelPipeline.java:1422)
	at io.netty.channel.AbstractChannelHandlerContext.invokeChannelRead(AbstractChannelHandlerContext.java:374)
	at io.netty.channel.AbstractChannelHandlerContext.invokeChannelRead(AbstractChannelHandlerContext.java:360)
	at io.netty.channel.DefaultChannelPipeline.fireChannelRead(DefaultChannelPipeline.java:931)
	at io.netty.channel.nio.AbstractNioByteChannel$NioByteUnsafe.read(AbstractNioByteChannel.java:163)
	at io.netty.channel.nio.NioEventLoop.processSelectedKey(NioEventLoop.java:700)
	at io.netty.channel.nio.NioEventLoop.processSelectedKeysOptimized(NioEventLoop.java:635)
	at io.netty.channel.nio.NioEventLoop.processSelectedKeys(NioEventLoop.java:552)
	at io.netty.channel.nio.NioEventLoop.run(NioEventLoop.java:514)
	at io.netty.util.concurrent.SingleThreadEventExecutor$6.run(SingleThreadEventExecutor.java:1044)
	at io.netty.util.internal.ThreadExecutorMap$2.run(ThreadExecutorMap.java:74)
	at io.netty.util.concurrent.FastThreadLocalRunnable.run(FastThreadLocalRunnable.java:30)
	at java.lang.Thread.run(Thread.java:1012)

2025-07-15 01:27:14 | INFO     | natal_mobile_auto.conftest:pytest_runtest_teardown:104 - Completed test: test_NAF_3_4_0_modify_mobile
2025-07-15 01:27:14 | INFO     | natal_mobile_auto.tests.test_3_Account_Setup:setup_and_teardown:53 - Test completed, taking screenshot
2025-07-15 01:27:14 | INFO     | core.driver_manager:restart_app:103 - App restarted successfully
2025-07-15 01:27:14 | INFO     | natal_mobile_auto.tests.test_3_Account_Setup:setup_and_teardown:63 - App restarted after test completion
2025-07-15 01:27:14 | INFO     | natal_mobile_auto.conftest:setup_and_teardown_test:64 - Tearing down test function
