{"uid":"4b4757e66a1912dae1a509f688f20b0f","name":"categories","children":[{"name":"Test defects","children":[{"name":"selenium.common.exceptions.TimeoutException: Message: \nStacktrace:\nNoSuchElementError: An element could not be located on the page using the given search parameters.\n    at AndroidUiautomator2Driver.findElOrEls (/Users/qingqinfang/.appium/node_modules/appium-uiautomator2-driver/node_modules/appium-android-driver/lib/commands/find.ts:86:11)\n    at processTicksAndRejections (node:internal/process/task_queues:105:5)\n    at AndroidUiautomator2Driver.findElOrElsWithProcessing (/opt/homebrew/lib/node_modules/appium/node_modules/@appium/base-driver/lib/basedriver/commands/find.ts:60:12)\n    at AndroidUiautomator2Driver.findElement (/opt/homebrew/lib/node_modules/appium/node_modules/@appium/base-driver/lib/basedriver/commands/find.ts:75:12)","children":[{"name":"test_NAF_4_8_0_comment_under_enrolled_program","uid":"f06c6ab8714a10c7","parentUid":"7b077b9e3849b2fe4364ac5bbcb6725f","status":"broken","time":{"start":1760337924404,"stop":1760338028563,"duration":104159},"flaky":false,"newFailed":false,"newPassed":false,"newBroken":false,"retriesCount":2,"retriesStatusChange":true,"parameters":[],"tags":["program"]}],"uid":"7b077b9e3849b2fe4364ac5bbcb6725f"},{"name":"selenium.common.exceptions.TimeoutException: Message: \nStacktrace:\nNoSuchElementError: An element could not be located on the page using the given search parameters.\n    at XCUITestDriver.doNativeFind (/Users/qingqinfang/.appium/node_modules/appium-xcuitest-driver/lib/commands/find.js:143:13)\n    at processTicksAndRejections (node:internal/process/task_queues:105:5)\n    at XCUITestDriver.findNativeElementOrElements (/Users/qingqinfang/.appium/node_modules/appium-xcuitest-driver/lib/commands/find.js:97:12)\n    at XCUITestDriver.findElOrEls (/Users/qingqinfang/.appium/node_modules/appium-xcuitest-driver/lib/commands/find.js:24:14)\n    at XCUITestDriver.findElOrElsWithProcessing (/opt/homebrew/lib/node_modules/appium/node_modules/@appium/base-driver/lib/basedriver/commands/find.ts:60:12)\n    at XCUITestDriver.findElement (/opt/homebrew/lib/node_modules/appium/node_modules/@appium/base-driver/lib/basedriver/commands/find.ts:75:12)","children":[{"name":"test_NAF_2_1_0_unsuccessful_registration_due_to_invalid_email","uid":"f06f3a6dbb774e68","parentUid":"f769f1581bd085f99e32a6706e2ea463","status":"broken","time":{"start":1760338758498,"stop":1760338791022,"duration":32524},"flaky":false,"newFailed":false,"newPassed":false,"newBroken":false,"retriesCount":2,"retriesStatusChange":false,"parameters":[],"tags":["authentication"]}],"uid":"f769f1581bd085f99e32a6706e2ea463"}],"uid":"bdbf199525818fae7a8651db9eafe741"}]}