{"uid":"ff3353b957b46cb6","name":"test_NAF_2_1_0_unsuccessful_registration_due_to_invalid_email","fullName":"tests.ios.test_2_Authentication.TestAuthentication#test_NAF_2_1_0_unsuccessful_registration_due_to_invalid_email","historyId":"e931f4cc4eacc64784432d5dae16ad52","time":{"start":1760959067954,"stop":1760959100818,"duration":32864},"description":"\n    Test Case: NAF-2\n    As a user I want to be able to sign to the app with email and password\n    Scenario: Unsuccessful Registration due to Invalid Email\n    \n    Steps:\n    1. Open the app\n    2. Click on \"Sign up\" button\n    3. Click on \"Sign up with your email\" button\n    3. Enter invalid email: test@example.com\n    4. Enter password: testpassword\n    5. Click \"Sign up\" button\n    ","descriptionHtml":"<pre><code>Test Case: NAF-2\nAs a user I want to be able to sign to the app with email and password\nScenario: Unsuccessful Registration due to Invalid Email\n\nSteps:\n1. Open the app\n2. Click on &quot;Sign up&quot; button\n3. Click on &quot;Sign up with your email&quot; button\n3. Enter invalid email: test@example.com\n4. Enter password: testpassword\n5. Click &quot;Sign up&quot; button\n</code></pre>\n","status":"broken","statusMessage":"selenium.common.exceptions.TimeoutException: Message: \nStacktrace:\nNoSuchElementError: An element could not be located on the page using the given search parameters.\n    at XCUITestDriver.doNativeFind (/Users/qingqinfang/.appium/node_modules/appium-xcuitest-driver/lib/commands/find.js:143:13)\n    at processTicksAndRejections (node:internal/process/task_queues:105:5)\n    at XCUITestDriver.findNativeElementOrElements (/Users/qingqinfang/.appium/node_modules/appium-xcuitest-driver/lib/commands/find.js:97:12)\n    at XCUITestDriver.findElOrEls (/Users/qingqinfang/.appium/node_modules/appium-xcuitest-driver/lib/commands/find.js:24:14)\n    at XCUITestDriver.findElOrElsWithProcessing (/opt/homebrew/lib/node_modules/appium/node_modules/@appium/base-driver/lib/basedriver/commands/find.ts:60:12)\n    at XCUITestDriver.findElement (/opt/homebrew/lib/node_modules/appium/node_modules/@appium/base-driver/lib/basedriver/commands/find.ts:75:12)","statusTrace":"tests/ios/test_2_Authentication.py:91: in test_NAF_2_1_0_unsuccessful_registration_due_to_invalid_email\n    login_page.enter_sign_up_first_name(\"John\")\npages/ios/login_page.py:119: in enter_sign_up_first_name\n    self.send_keys_to_element(*self.SIGN_UP_FIRST_NAME_INPUT, first_name, platform=\"ios\")\ncore/base_page.py:109: in send_keys_to_element\n    element = self.find_element(locator_type, locator_value, timeout)\ncore/base_page.py:24: in find_element\n    element = wait.until(EC.presence_of_element_located((By.XPATH, locator_value)))\n../../../../anaconda3/lib/python3.11/site-packages/selenium/webdriver/support/wait.py:138: in until\n    raise TimeoutException(message, screen, stacktrace)\nE   selenium.common.exceptions.TimeoutException: Message: \nE   Stacktrace:\nE   NoSuchElementError: An element could not be located on the page using the given search parameters.\nE       at XCUITestDriver.doNativeFind (/Users/qingqinfang/.appium/node_modules/appium-xcuitest-driver/lib/commands/find.js:143:13)\nE       at processTicksAndRejections (node:internal/process/task_queues:105:5)\nE       at XCUITestDriver.findNativeElementOrElements (/Users/qingqinfang/.appium/node_modules/appium-xcuitest-driver/lib/commands/find.js:97:12)\nE       at XCUITestDriver.findElOrEls (/Users/qingqinfang/.appium/node_modules/appium-xcuitest-driver/lib/commands/find.js:24:14)\nE       at XCUITestDriver.findElOrElsWithProcessing (/opt/homebrew/lib/node_modules/appium/node_modules/@appium/base-driver/lib/basedriver/commands/find.ts:60:12)\nE       at XCUITestDriver.findElement (/opt/homebrew/lib/node_modules/appium/node_modules/@appium/base-driver/lib/basedriver/commands/find.ts:75:12)","flaky":false,"newFailed":false,"newBroken":false,"newPassed":false,"retriesCount":0,"retriesStatusChange":false,"beforeStages":[{"name":"pytestconfig","time":{"start":1760959057083,"stop":1760959057083,"duration":0},"status":"passed","steps":[],"attachments":[],"parameters":[],"stepsCount":0,"hasContent":false,"attachmentStep":false,"shouldDisplayMessage":false,"attachmentsCount":0},{"name":"base_url","time":{"start":1760959057083,"stop":1760959057083,"duration":0},"status":"passed","steps":[],"attachments":[],"parameters":[],"stepsCount":0,"hasContent":false,"attachmentStep":false,"shouldDisplayMessage":false,"attachmentsCount":0},{"name":"delete_output_dir","time":{"start":1760959057083,"stop":1760959057083,"duration":0},"status":"passed","steps":[],"attachments":[],"parameters":[],"stepsCount":0,"hasContent":false,"attachmentStep":false,"shouldDisplayMessage":false,"attachmentsCount":0},{"name":"setup_test_session","time":{"start":1760959057083,"stop":1760959057090,"duration":7},"status":"passed","steps":[],"attachments":[],"parameters":[],"stepsCount":0,"hasContent":false,"attachmentStep":false,"shouldDisplayMessage":false,"attachmentsCount":0},{"name":"_verify_url","time":{"start":1760959057083,"stop":1760959057083,"duration":0},"status":"passed","steps":[],"attachments":[],"parameters":[],"stepsCount":0,"hasContent":false,"attachmentStep":false,"shouldDisplayMessage":false,"attachmentsCount":0},{"name":"setup_and_teardown_test","time":{"start":1760959057091,"stop":1760959057091,"duration":0},"status":"passed","steps":[],"attachments":[],"parameters":[],"stepsCount":0,"hasContent":false,"attachmentStep":false,"shouldDisplayMessage":false,"attachmentsCount":0},{"name":"setup_and_teardown","time":{"start":1760959057091,"stop":1760959067950,"duration":10859},"status":"passed","steps":[],"attachments":[],"parameters":[],"stepsCount":0,"hasContent":false,"attachmentStep":false,"shouldDisplayMessage":false,"attachmentsCount":0}],"afterStages":[{"name":"setup_and_teardown::0","time":{"start":1760959100908,"stop":1760959103847,"duration":2939},"status":"passed","steps":[],"attachments":[],"parameters":[],"stepsCount":0,"hasContent":false,"attachmentStep":false,"shouldDisplayMessage":false,"attachmentsCount":0},{"name":"setup_and_teardown_test::0","time":{"start":1760959103849,"stop":1760959103849,"duration":0},"status":"passed","steps":[],"attachments":[],"parameters":[],"stepsCount":0,"hasContent":false,"attachmentStep":false,"shouldDisplayMessage":false,"attachmentsCount":0},{"name":"setup_test_session::0","time":{"start":1760959657868,"stop":1760959657868,"duration":0},"status":"passed","steps":[],"attachments":[],"parameters":[],"stepsCount":0,"hasContent":false,"attachmentStep":false,"shouldDisplayMessage":false,"attachmentsCount":0}],"labels":[{"name":"severity","value":"critical"},{"name":"epic","value":"Mobile App Testing-iOS"},{"name":"story","value":"2.1.0 As a user I want to be able to sign to the app with email and password"},{"name":"feature","value":"2.0.0 Authentication"},{"name":"tag","value":"authentication"},{"name":"parentSuite","value":"tests.ios"},{"name":"suite","value":"test_2_Authentication"},{"name":"subSuite","value":"TestAuthentication"},{"name":"host","value":"fqqqqq.local"},{"name":"thread","value":"2712-MainThread"},{"name":"framework","value":"pytest"},{"name":"language","value":"cpython3"},{"name":"package","value":"tests.ios.test_2_Authentication"},{"name":"resultFormat","value":"allure2"}],"parameters":[],"links":[{"name":"Qase: NAF-2","url":"https://app.qase.io/case/NAF-2","type":"link"}],"hidden":true,"retry":true,"extra":{"categories":[],"tags":["authentication"]},"source":"ff3353b957b46cb6.json","parameterValues":[]}